2024-07-03 19:13:04 error: uncaughtException: helmet is not defined
ReferenceError: helmet is not defined
    at file:///C:/Users/Samopz/Taskly_App-Capstone_Project/app.js:26:5
    at ModuleJob.run (node:internal/modules/esm/module_job:218:25)
    at async ModuleLoader.import (node:internal/modules/esm/loader:329:24)
    at async loadESM (node:internal/process/esm_loader:34:7)
    at async handleMainPromise (node:internal/modules/run_main:113:12)
2024-07-03 19:13:29 error: uncaughtException: helmet is not defined
ReferenceError: helmet is not defined
    at file:///C:/Users/Samopz/Taskly_App-Capstone_Project/app.js:27:5
    at ModuleJob.run (node:internal/modules/esm/module_job:218:25)
    at async ModuleLoader.import (node:internal/modules/esm/loader:329:24)
    at async loadESM (node:internal/process/esm_loader:34:7)
    at async handleMainPromise (node:internal/modules/run_main:113:12)
2024-07-03 19:47:23 error: Route not found
2024-07-03 19:47:23 info: HTTP Access Log
2024-07-03 19:49:52 error: Route not found
2024-07-03 19:49:52 info: HTTP Access Log
2024-07-03 19:51:35 info: Welcome to Tasky!
2024-07-03 19:51:35 info: HTTP Access Log
2024-07-03 19:51:50 info: Welcome to Tasky!
2024-07-03 19:51:50 info: HTTP Access Log
2024-07-03 19:51:50 error: Route not found
2024-07-03 19:51:50 info: HTTP Access Log
2024-07-03 19:53:35 error: Route not found
2024-07-03 19:53:35 info: HTTP Access Log
2024-07-03 19:54:11 error: Route not found
2024-07-03 19:54:11 info: HTTP Access Log
2024-07-03 19:55:04 info: All Tasks fetched successfully
2024-07-03 19:55:04 info: HTTP Access Log
2024-07-03 19:55:08 info: All Organization feched successfully!
2024-07-03 19:55:08 info: HTTP Access Log
2024-07-03 19:56:09 info: Task found
2024-07-03 19:56:09 info: HTTP Access Log
2024-07-03 19:56:31 error: Route not found
2024-07-03 19:56:31 info: HTTP Access Log
2024-07-03 19:57:46 error: Route not found
2024-07-03 19:57:46 info: HTTP Access Log
2024-07-03 19:57:57 error: Route not found
2024-07-03 19:57:57 info: HTTP Access Log
2024-07-03 19:58:00 error: Route not found
2024-07-03 19:58:00 info: HTTP Access Log
2024-07-03 20:04:30 error: uncaughtException: httpLogger is not defined
ReferenceError: httpLogger is not defined
    at file:///C:/Users/Samopz/Taskly_App-Capstone_Project/app.js:14:9
    at ModuleJob.run (node:internal/modules/esm/module_job:218:25)
    at async ModuleLoader.import (node:internal/modules/esm/loader:329:24)
    at async loadESM (node:internal/process/esm_loader:34:7)
    at async handleMainPromise (node:internal/modules/run_main:113:12)
2024-07-03 20:04:42 error: Route not found
2024-07-03 20:06:47 info: Task found
2024-07-03 20:06:47 info: HTTP Access Log
2024-07-03 20:06:58 info: Task found
2024-07-03 20:06:58 info: HTTP Access Log
2024-07-03 20:06:58 info: Task found
2024-07-03 20:06:58 info: HTTP Access Log
2024-07-03 20:06:59 info: HTTP Access Log
2024-07-03 20:07:06 info: HTTP Access Log
2024-07-03 20:07:07 info: HTTP Access Log
2024-07-03 20:07:08 info: HTTP Access Log
2024-07-03 20:07:08 info: HTTP Access Log
2024-07-03 20:07:08 info: HTTP Access Log
2024-07-03 20:09:07 info: Task found
2024-07-03 20:09:07 info: HTTP Access Log
2024-07-03 20:11:42 info: All Tasks fetched successfully
2024-07-03 20:11:42 info: HTTP Access Log
2024-07-04 01:31:18 error: uncaughtException: listen EADDRINUSE: address already in use :::5000
Error: listen EADDRINUSE: address already in use :::5000
    at Server.setupListenHandle [as _listen2] (node:net:1872:16)
    at listenInCluster (node:net:1920:12)
    at Server.listen (node:net:2008:7)
    at Function.listen (C:\Users\Samopz\Taskly_App-Capstone_Project\node_modules\express\lib\application.js:635:24)
    at file:///C:/Users/Samopz/Taskly_App-Capstone_Project/src/server.js:10:5
    at ModuleJob.run (node:internal/modules/esm/module_job:218:25)
    at async ModuleLoader.import (node:internal/modules/esm/loader:329:24)
    at async loadESM (node:internal/process/esm_loader:34:7)
    at async handleMainPromise (node:internal/modules/run_main:113:12)
2024-07-04 01:48:21 info: HTTP Access Log
2024-07-04 01:50:49 info: HTTP Access Log
2024-07-04 01:51:13 info: Invitation created successfully
2024-07-04 01:51:13 info: HTTP Access Log
2024-07-04 01:52:57 info: Invitation created successfully
2024-07-04 01:52:57 info: HTTP Access Log
2024-07-04 01:54:53 info: Invitation created successfully
2024-07-04 01:54:53 info: HTTP Access Log
2024-07-04 01:55:07 info: Invitation created successfully
2024-07-04 01:55:07 info: HTTP Access Log
2024-07-04 01:58:35 info: Invitation created successfully
2024-07-04 01:58:35 info: HTTP Access Log
2024-07-04 02:01:51 info: Invitation created successfully
2024-07-04 02:01:51 info: HTTP Access Log
2024-07-04 02:18:16 info: HTTP Access Log
2024-07-04 02:19:25 info: HTTP Access Log
2024-07-04 02:28:09 info: HTTP Access Log
2024-07-04 02:29:51 info: HTTP Access Log
2024-07-04 02:31:24 info: HTTP Access Log
2024-07-04 02:33:31 info: HTTP Access Log
2024-07-04 02:35:48 info: HTTP Access Log
2024-07-04 02:35:58 info: HTTP Access Log
2024-07-04 02:40:54 info: HTTP Access Log
2024-07-04 02:41:32 info: HTTP Access Log
2024-07-04 02:43:01 info: HTTP Access Log
2024-07-04 02:45:43 info: HTTP Access Log
2024-07-04 02:46:22 info: HTTP Access Log
2024-07-04 02:47:18 info: HTTP Access Log
2024-07-04 02:48:08 info: HTTP Access Log
2024-07-04 02:48:10 info: HTTP Access Log
2024-07-04 02:48:23 info: HTTP Access Log
2024-07-04 02:49:02 info: HTTP Access Log
2024-07-04 02:50:09 info: HTTP Access Log
2024-07-04 02:50:23 info: HTTP Access Log
2024-07-04 02:50:29 info: HTTP Access Log
2024-07-04 02:51:29 info: HTTP Access Log
2024-07-04 02:51:35 info: HTTP Access Log
2024-07-04 02:51:41 info: HTTP Access Log
2024-07-04 02:51:48 info: HTTP Access Log
2024-07-04 02:54:29 info: HTTP Access Log
2024-07-04 02:55:02 info: HTTP Access Log
2024-07-04 02:55:14 info: HTTP Access Log
2024-07-04 02:55:24 info: HTTP Access Log
2024-07-04 02:55:35 info: HTTP Access Log
2024-07-04 02:55:40 info: HTTP Access Log
2024-07-04 02:57:15 info: HTTP Access Log
2024-07-04 02:57:24 info: HTTP Access Log
2024-07-04 02:57:32 info: HTTP Access Log
2024-07-04 02:57:37 info: HTTP Access Log
2024-07-04 02:57:49 info: HTTP Access Log
2024-07-04 03:23:32 info: HTTP Access Log
2024-07-04 03:26:21 info: HTTP Access Log
2024-07-04 03:28:28 info: HTTP Access Log
2024-07-04 03:29:33 info: HTTP Access Log
2024-07-04 03:30:30 info: HTTP Access Log
2024-07-04 03:31:24 info: HTTP Access Log
2024-07-04 03:32:10 info: HTTP Access Log
2024-07-04 03:32:50 info: HTTP Access Log
2024-07-04 03:33:00 info: HTTP Access Log
2024-07-04 03:33:19 info: HTTP Access Log
2024-07-04 03:33:28 info: HTTP Access Log
2024-07-04 03:33:35 info: HTTP Access Log
2024-07-04 03:33:47 info: HTTP Access Log
2024-07-04 03:34:40 info: HTTP Access Log
2024-07-04 03:34:50 info: HTTP Access Log
2024-07-04 03:35:05 info: HTTP Access Log
2024-07-04 03:35:12 info: HTTP Access Log
2024-07-04 03:35:20 info: HTTP Access Log
2024-07-04 03:35:25 info: HTTP Access Log
2024-07-04 03:36:24 info: HTTP Access Log
2024-07-04 03:36:39 info: HTTP Access Log
2024-07-04 03:36:45 info: HTTP Access Log
2024-07-04 03:36:57 info: HTTP Access Log
2024-07-04 03:36:58 info: HTTP Access Log
2024-07-04 03:37:53 info: HTTP Access Log
2024-07-04 03:38:16 info: HTTP Access Log
2024-07-04 03:39:23 info: HTTP Access Log
2024-07-04 03:39:58 info: HTTP Access Log
2024-07-04 03:40:05 info: HTTP Access Log
2024-07-04 03:40:14 info: HTTP Access Log
2024-07-04 03:40:22 info: HTTP Access Log
2024-07-04 03:40:46 info: HTTP Access Log
2024-07-04 03:40:56 info: HTTP Access Log
2024-07-04 03:41:11 info: HTTP Access Log
2024-07-04 03:41:49 info: HTTP Access Log
2024-07-04 03:41:51 info: HTTP Access Log
2024-07-04 03:42:33 info: HTTP Access Log
2024-07-04 03:42:44 info: HTTP Access Log
2024-07-04 03:43:27 info: HTTP Access Log
2024-07-04 03:43:35 info: HTTP Access Log
2024-07-04 03:43:45 info: HTTP Access Log
2024-07-04 03:43:51 info: HTTP Access Log
2024-07-04 03:44:54 info: HTTP Access Log
2024-07-04 03:45:05 info: HTTP Access Log
2024-07-04 03:45:53 info: HTTP Access Log
2024-07-04 03:46:34 info: HTTP Access Log
2024-07-04 03:47:56 info: HTTP Access Log
2024-07-04 03:49:19 info: HTTP Access Log
2024-07-04 03:49:54 info: HTTP Access Log
2024-07-04 03:50:18 info: HTTP Access Log
2024-07-04 03:50:38 info: HTTP Access Log
2024-07-04 03:50:53 info: HTTP Access Log
2024-07-04 03:50:56 info: HTTP Access Log
2024-07-04 03:53:19 info: HTTP Access Log
2024-07-04 03:54:29 info: HTTP Access Log
2024-07-04 05:25:30 error: uncaughtException: passportConfig is not defined
ReferenceError: passportConfig is not defined
    at file:///C:/Users/Samopz/Taskly_App-Capstone_Project/app.js:3:1
    at ModuleJob.run (node:internal/modules/esm/module_job:218:25)
    at async ModuleLoader.import (node:internal/modules/esm/loader:329:24)
    at async loadESM (node:internal/process/esm_loader:34:7)
    at async handleMainPromise (node:internal/modules/run_main:113:12)
2024-07-04 05:41:26 info: HTTP Access Log
2024-07-04 05:41:52 info: HTTP Access Log
2024-07-04 05:50:33 info: HTTP Access Log
2024-07-04 09:01:27 info: HTTP Access Log
2024-07-04 09:01:55 info: HTTP Access Log
2024-07-04 09:03:03 info: HTTP Access Log
2024-07-04 09:03:07 info: HTTP Access Log
2024-07-04 09:05:08 info: HTTP Access Log
2024-07-04 09:05:12 info: HTTP Access Log
2024-07-04 09:05:21 info: HTTP Access Log
2024-07-04 09:11:25 info: HTTP Access Log
2024-07-04 09:16:30 info: HTTP Access Log
2024-07-04 09:31:34 info: HTTP Access Log
2024-07-04 09:36:18 info: HTTP Access Log
2024-07-04 10:22:58 info: HTTP Access Log
2024-07-04 10:24:19 info: HTTP Access Log
2024-07-04 10:26:41 info: HTTP Access Log
2024-07-04 10:29:37 info: HTTP Access Log
2024-07-04 10:30:52 info: HTTP Access Log
2024-07-04 10:32:19 info: HTTP Access Log
2024-07-04 10:33:24 info: HTTP Access Log
2024-07-04 10:33:48 info: HTTP Access Log
2024-07-04 10:36:09 info: HTTP Access Log
2024-07-04 10:36:33 info: HTTP Access Log
2024-07-04 10:37:00 info: HTTP Access Log
2024-07-04 10:37:23 info: HTTP Access Log
2024-07-04 10:37:31 info: HTTP Access Log
2024-07-04 10:37:56 info: HTTP Access Log
2024-07-04 10:39:06 info: HTTP Access Log
2024-07-04 10:39:30 info: HTTP Access Log
2024-07-04 10:40:02 info: HTTP Access Log
2024-07-04 10:41:01 info: HTTP Access Log
2024-07-04 10:41:09 info: HTTP Access Log
2024-07-04 10:42:16 info: HTTP Access Log
2024-07-04 10:42:42 info: HTTP Access Log
2024-07-04 10:44:22 info: HTTP Access Log
2024-07-04 10:44:46 info: HTTP Access Log
2024-07-04 10:45:46 info: HTTP Access Log
2024-07-04 10:47:37 error: uncaughtException: getaddrinfo ENOTFOUND redis-16273.c74.us-east-1-4.ec2.redns.redis-cloud.com
Error: getaddrinfo ENOTFOUND redis-16273.c74.us-east-1-4.ec2.redns.redis-cloud.com
    at GetAddrInfoReqWrap.onlookupall [as oncomplete] (node:dns:118:26)
2024-07-04 10:48:08 error: uncaughtException: Connection timeout
Error: Connection timeout
    at Socket.<anonymous> (C:\Users\Samopz\Taskly_App-Capstone_Project\node_modules\@redis\client\dist\lib\client\socket.js:177:124)
    at Object.onceWrapper (node:events:628:28)
    at Socket.emit (node:events:514:28)
    at Socket._onTimeout (node:net:589:8)
    at listOnTimeout (node:internal/timers:573:17)
    at process.processTimers (node:internal/timers:514:7)
2024-07-04 10:48:31 error: uncaughtException: Connection timeout
Error: Connection timeout
    at Socket.<anonymous> (C:\Users\Samopz\Taskly_App-Capstone_Project\node_modules\@redis\client\dist\lib\client\socket.js:177:124)
    at Object.onceWrapper (node:events:628:28)
    at Socket.emit (node:events:514:28)
    at Socket._onTimeout (node:net:589:8)
    at listOnTimeout (node:internal/timers:573:17)
    at process.processTimers (node:internal/timers:514:7)
2024-07-04 10:50:27 error: uncaughtException: Connection timeout
Error: Connection timeout
    at Socket.<anonymous> (C:\Users\Samopz\Taskly_App-Capstone_Project\node_modules\@redis\client\dist\lib\client\socket.js:177:124)
    at Object.onceWrapper (node:events:628:28)
    at Socket.emit (node:events:514:28)
    at Socket._onTimeout (node:net:589:8)
    at listOnTimeout (node:internal/timers:573:17)
    at process.processTimers (node:internal/timers:514:7)
2024-07-04 10:50:34 error: uncaughtException: getaddrinfo ENOTFOUND redis-16273.c74.us-east-1-4.ec2.redns.redis-cloud.com
Error: getaddrinfo ENOTFOUND redis-16273.c74.us-east-1-4.ec2.redns.redis-cloud.com
    at GetAddrInfoReqWrap.onlookupall [as oncomplete] (node:dns:118:26)
2024-07-04 11:01:30 info: HTTP Access Log
2024-07-04 11:02:08 info: HTTP Access Log
2024-07-04 11:03:00 info: HTTP Access Log
2024-07-04 11:03:37 info: HTTP Access Log
2024-07-04 11:04:13 info: HTTP Access Log
2024-07-04 11:06:09 info: HTTP Access Log
2024-07-04 11:06:34 info: HTTP Access Log
2024-07-04 11:08:46 error: uncaughtException: Task validation failed: comments: Cast to embedded failed for value "To be completed ASAP" (type string) at path "comments" because of "ObjectParameterError"
ValidationError: Task validation failed: comments: Cast to embedded failed for value "To be completed ASAP" (type string) at path "comments" because of "ObjectParameterError"
    at Document.invalidate (C:\Users\Samopz\Taskly_App-Capstone_Project\node_modules\mongoose\lib\document.js:3307:32)
    at model.$set (C:\Users\Samopz\Taskly_App-Capstone_Project\node_modules\mongoose\lib\document.js:1463:12)
    at model.$set (C:\Users\Samopz\Taskly_App-Capstone_Project\node_modules\mongoose\lib\document.js:1117:16)
    at model.Document (C:\Users\Samopz\Taskly_App-Capstone_Project\node_modules\mongoose\lib\document.js:166:12)
    at model.Model (C:\Users\Samopz\Taskly_App-Capstone_Project\node_modules\mongoose\lib\model.js:132:12)
    at new model (C:\Users\Samopz\Taskly_App-Capstone_Project\node_modules\mongoose\lib\model.js:4881:15)
    at createTask (file:///C:/Users/Samopz/Taskly_App-Capstone_Project/src/services/taskService.js:17:16)
    at create (file:///C:/Users/Samopz/Taskly_App-Capstone_Project/src/controllers/taskController.js:10:22)
    at Layer.handle [as handle_request] (C:\Users\Samopz\Taskly_App-Capstone_Project\node_modules\express\lib\router\layer.js:95:5)
    at next (C:\Users\Samopz\Taskly_App-Capstone_Project\node_modules\express\lib\router\route.js:149:13)
2024-07-04 12:07:42 info: HTTP Access Log
2024-07-04 12:08:12 info: HTTP Access Log
2024-07-04 12:32:33 info: HTTP Access Log
2024-07-04 12:43:12 error: uncaughtException: redis is not a function
TypeError: redis is not a function
    at Server.<anonymous> (file:///C:/Users/Samopz/Taskly_App-Capstone_Project/src/server.js:16:9)
    at process.processTicksAndRejections (node:internal/process/task_queues:95:5)
2024-07-04 12:43:22 error: uncaughtException: redis is not a function
TypeError: redis is not a function
    at Server.<anonymous> (file:///C:/Users/Samopz/Taskly_App-Capstone_Project/src/server.js:17:9)
    at process.processTicksAndRejections (node:internal/process/task_queues:95:5)
2024-07-04 12:43:26 error: uncaughtException: redis is not a function
TypeError: redis is not a function
    at Server.<anonymous> (file:///C:/Users/Samopz/Taskly_App-Capstone_Project/src/server.js:17:9)
    at process.processTicksAndRejections (node:internal/process/task_queues:95:5)
2024-07-05 08:05:40 error: uncaughtException: join is not defined
ReferenceError: join is not defined
    at file:///C:/Users/Samopz/Taskly_App-Capstone_Project/app.js:28:17
    at ModuleJob.run (node:internal/modules/esm/module_job:218:25)
    at async ModuleLoader.import (node:internal/modules/esm/loader:329:24)
    at async loadESM (node:internal/process/esm_loader:34:7)
    at async handleMainPromise (node:internal/modules/run_main:113:12)
2024-07-05 08:07:08 error: uncaughtException: join is not defined
ReferenceError: join is not defined
    at file:///C:/Users/Samopz/Taskly_App-Capstone_Project/app.js:29:17
    at ModuleJob.run (node:internal/modules/esm/module_job:218:25)
    at async ModuleLoader.import (node:internal/modules/esm/loader:329:24)
    at async loadESM (node:internal/process/esm_loader:34:7)
    at async handleMainPromise (node:internal/modules/run_main:113:12)
2024-07-05 08:07:10 error: uncaughtException: require is not defined in ES module scope, you can use import instead
This file is being treated as an ES module because it has a '.js' file extension and 'C:\Users\Samopz\Taskly_App-Capstone_Project\package.json' contains "type": "module". To treat it as a CommonJS script, rename it to use the '.cjs' file extension.
ReferenceError: require is not defined in ES module scope, you can use import instead
This file is being treated as an ES module because it has a '.js' file extension and 'C:\Users\Samopz\Taskly_App-Capstone_Project\package.json' contains "type": "module". To treat it as a CommonJS script, rename it to use the '.cjs' file extension.
    at file:///C:/Users/Samopz/Taskly_App-Capstone_Project/app.js:6:18
    at ModuleJob.run (node:internal/modules/esm/module_job:218:25)
    at async ModuleLoader.import (node:internal/modules/esm/loader:329:24)
    at async loadESM (node:internal/process/esm_loader:34:7)
    at async handleMainPromise (node:internal/modules/run_main:113:12)
2024-07-05 08:07:11 error: uncaughtException: require is not defined in ES module scope, you can use import instead
This file is being treated as an ES module because it has a '.js' file extension and 'C:\Users\Samopz\Taskly_App-Capstone_Project\package.json' contains "type": "module". To treat it as a CommonJS script, rename it to use the '.cjs' file extension.
ReferenceError: require is not defined in ES module scope, you can use import instead
This file is being treated as an ES module because it has a '.js' file extension and 'C:\Users\Samopz\Taskly_App-Capstone_Project\package.json' contains "type": "module". To treat it as a CommonJS script, rename it to use the '.cjs' file extension.
    at file:///C:/Users/Samopz/Taskly_App-Capstone_Project/app.js:6:18
    at ModuleJob.run (node:internal/modules/esm/module_job:218:25)
    at async ModuleLoader.import (node:internal/modules/esm/loader:329:24)
    at async loadESM (node:internal/process/esm_loader:34:7)
    at async handleMainPromise (node:internal/modules/run_main:113:12)
2024-07-05 08:07:36 error: uncaughtException: __dirname is not defined in ES module scope
This file is being treated as an ES module because it has a '.js' file extension and 'C:\Users\Samopz\Taskly_App-Capstone_Project\package.json' contains "type": "module". To treat it as a CommonJS script, rename it to use the '.cjs' file extension.
ReferenceError: __dirname is not defined in ES module scope
This file is being treated as an ES module because it has a '.js' file extension and 'C:\Users\Samopz\Taskly_App-Capstone_Project\package.json' contains "type": "module". To treat it as a CommonJS script, rename it to use the '.cjs' file extension.
    at file:///C:/Users/Samopz/Taskly_App-Capstone_Project/app.js:29:29
    at ModuleJob.run (node:internal/modules/esm/module_job:218:25)
    at async ModuleLoader.import (node:internal/modules/esm/loader:329:24)
    at async loadESM (node:internal/process/esm_loader:34:7)
    at async handleMainPromise (node:internal/modules/run_main:113:12)
2024-07-05 08:07:49 error: uncaughtException: __dirname is not defined in ES module scope
This file is being treated as an ES module because it has a '.js' file extension and 'C:\Users\Samopz\Taskly_App-Capstone_Project\package.json' contains "type": "module". To treat it as a CommonJS script, rename it to use the '.cjs' file extension.
ReferenceError: __dirname is not defined in ES module scope
This file is being treated as an ES module because it has a '.js' file extension and 'C:\Users\Samopz\Taskly_App-Capstone_Project\package.json' contains "type": "module". To treat it as a CommonJS script, rename it to use the '.cjs' file extension.
    at file:///C:/Users/Samopz/Taskly_App-Capstone_Project/app.js:29:29
    at ModuleJob.run (node:internal/modules/esm/module_job:218:25)
    at async ModuleLoader.import (node:internal/modules/esm/loader:329:24)
    at async loadESM (node:internal/process/esm_loader:34:7)
    at async handleMainPromise (node:internal/modules/run_main:113:12)
2024-07-05 08:08:35 error: uncaughtException: join is not defined
ReferenceError: join is not defined
    at file:///C:/Users/Samopz/Taskly_App-Capstone_Project/app.js:29:17
    at ModuleJob.run (node:internal/modules/esm/module_job:218:25)
    at async ModuleLoader.import (node:internal/modules/esm/loader:329:24)
    at async loadESM (node:internal/process/esm_loader:34:7)
    at async handleMainPromise (node:internal/modules/run_main:113:12)
2024-07-05 08:08:51 error: uncaughtException: __dirname is not defined in ES module scope
This file is being treated as an ES module because it has a '.js' file extension and 'C:\Users\Samopz\Taskly_App-Capstone_Project\package.json' contains "type": "module". To treat it as a CommonJS script, rename it to use the '.cjs' file extension.
ReferenceError: __dirname is not defined in ES module scope
This file is being treated as an ES module because it has a '.js' file extension and 'C:\Users\Samopz\Taskly_App-Capstone_Project\package.json' contains "type": "module". To treat it as a CommonJS script, rename it to use the '.cjs' file extension.
    at file:///C:/Users/Samopz/Taskly_App-Capstone_Project/app.js:29:29
    at ModuleJob.run (node:internal/modules/esm/module_job:218:25)
    at async ModuleLoader.import (node:internal/modules/esm/loader:329:24)
    at async loadESM (node:internal/process/esm_loader:34:7)
    at async handleMainPromise (node:internal/modules/run_main:113:12)
2024-07-05 08:09:07 error: uncaughtException: __dirname is not defined in ES module scope
This file is being treated as an ES module because it has a '.js' file extension and 'C:\Users\Samopz\Taskly_App-Capstone_Project\package.json' contains "type": "module". To treat it as a CommonJS script, rename it to use the '.cjs' file extension.
ReferenceError: __dirname is not defined in ES module scope
This file is being treated as an ES module because it has a '.js' file extension and 'C:\Users\Samopz\Taskly_App-Capstone_Project\package.json' contains "type": "module". To treat it as a CommonJS script, rename it to use the '.cjs' file extension.
    at file:///C:/Users/Samopz/Taskly_App-Capstone_Project/app.js:29:29
    at ModuleJob.run (node:internal/modules/esm/module_job:218:25)
    at async ModuleLoader.import (node:internal/modules/esm/loader:329:24)
    at async loadESM (node:internal/process/esm_loader:34:7)
    at async handleMainPromise (node:internal/modules/run_main:113:12)
2024-07-05 10:27:01 error: uncaughtException: Cannot read properties of undefined (reading 'getDay')
TypeError: Cannot read properties of undefined (reading 'getDay')
    at file:///C:/Users/Samopz/Taskly_App-Capstone_Project/src/crons/cronjob.js:16:33
    at Array.forEach (<anonymous>)
    at Task.checkTasks [as _execution] (file:///C:/Users/Samopz/Taskly_App-Capstone_Project/src/crons/cronjob.js:14:11)
    at process.processTicksAndRejections (node:internal/process/task_queues:95:5)
2024-07-05 10:27:01 error: uncaughtException: Cannot read properties of undefined (reading 'getDay')
TypeError: Cannot read properties of undefined (reading 'getDay')
    at file:///C:/Users/Samopz/Taskly_App-Capstone_Project/src/crons/cronjob.js:16:33
    at Array.forEach (<anonymous>)
    at Task.checkTasks [as _execution] (file:///C:/Users/Samopz/Taskly_App-Capstone_Project/src/crons/cronjob.js:14:11)
    at process.processTicksAndRejections (node:internal/process/task_queues:95:5)
2024-07-05 10:27:01 error: uncaughtException: Cannot read properties of undefined (reading 'getDay')
TypeError: Cannot read properties of undefined (reading 'getDay')
    at file:///C:/Users/Samopz/Taskly_App-Capstone_Project/src/crons/cronjob.js:16:33
    at Array.forEach (<anonymous>)
    at Task.checkTasks [as _execution] (file:///C:/Users/Samopz/Taskly_App-Capstone_Project/src/crons/cronjob.js:14:11)
    at process.processTicksAndRejections (node:internal/process/task_queues:95:5)
2024-07-05 10:27:01 error: uncaughtException: Cannot read properties of undefined (reading 'getDay')
TypeError: Cannot read properties of undefined (reading 'getDay')
    at file:///C:/Users/Samopz/Taskly_App-Capstone_Project/src/crons/cronjob.js:16:33
    at Array.forEach (<anonymous>)
    at Task.checkTasks [as _execution] (file:///C:/Users/Samopz/Taskly_App-Capstone_Project/src/crons/cronjob.js:14:11)
    at process.processTicksAndRejections (node:internal/process/task_queues:95:5)
2024-07-05 10:27:01 error: uncaughtException: Cannot read properties of undefined (reading 'getDay')
TypeError: Cannot read properties of undefined (reading 'getDay')
    at file:///C:/Users/Samopz/Taskly_App-Capstone_Project/src/crons/cronjob.js:16:33
    at Array.forEach (<anonymous>)
    at Task.checkTasks [as _execution] (file:///C:/Users/Samopz/Taskly_App-Capstone_Project/src/crons/cronjob.js:14:11)
    at process.processTicksAndRejections (node:internal/process/task_queues:95:5)
2024-07-05 10:27:01 error: uncaughtException: Cannot read properties of undefined (reading 'getDay')
TypeError: Cannot read properties of undefined (reading 'getDay')
    at file:///C:/Users/Samopz/Taskly_App-Capstone_Project/src/crons/cronjob.js:16:33
    at Array.forEach (<anonymous>)
    at Task.checkTasks [as _execution] (file:///C:/Users/Samopz/Taskly_App-Capstone_Project/src/crons/cronjob.js:14:11)
    at process.processTicksAndRejections (node:internal/process/task_queues:95:5)
2024-07-05 10:27:01 error: uncaughtException: Cannot read properties of undefined (reading 'getDay')
TypeError: Cannot read properties of undefined (reading 'getDay')
    at file:///C:/Users/Samopz/Taskly_App-Capstone_Project/src/crons/cronjob.js:16:33
    at Array.forEach (<anonymous>)
    at Task.checkTasks [as _execution] (file:///C:/Users/Samopz/Taskly_App-Capstone_Project/src/crons/cronjob.js:14:11)
    at process.processTicksAndRejections (node:internal/process/task_queues:95:5)
2024-07-05 10:27:01 error: uncaughtException: Cannot read properties of undefined (reading 'getDay')
TypeError: Cannot read properties of undefined (reading 'getDay')
    at file:///C:/Users/Samopz/Taskly_App-Capstone_Project/src/crons/cronjob.js:16:33
    at Array.forEach (<anonymous>)
    at Task.checkTasks [as _execution] (file:///C:/Users/Samopz/Taskly_App-Capstone_Project/src/crons/cronjob.js:14:11)
    at process.processTicksAndRejections (node:internal/process/task_queues:95:5)
2024-07-05 10:34:00 info: Users found
2024-07-05 10:34:00 error: uncaughtException: Cannot read properties of undefined (reading 'getDay')
TypeError: Cannot read properties of undefined (reading 'getDay')
    at file:///C:/Users/Samopz/Taskly_App-Capstone_Project/src/crons/cronjob.js:16:33
    at Array.forEach (<anonymous>)
    at Task.checkTasks [as _execution] (file:///C:/Users/Samopz/Taskly_App-Capstone_Project/src/crons/cronjob.js:14:11)
    at process.processTicksAndRejections (node:internal/process/task_queues:95:5)
2024-07-05 10:34:00 error: uncaughtException: Cannot read properties of undefined (reading 'getDay')
TypeError: Cannot read properties of undefined (reading 'getDay')
    at file:///C:/Users/Samopz/Taskly_App-Capstone_Project/src/crons/cronjob.js:16:33
    at Array.forEach (<anonymous>)
    at Task.checkTasks [as _execution] (file:///C:/Users/Samopz/Taskly_App-Capstone_Project/src/crons/cronjob.js:14:11)
    at process.processTicksAndRejections (node:internal/process/task_queues:95:5)
2024-07-05 10:34:00 error: uncaughtException: Cannot read properties of undefined (reading 'getDay')
TypeError: Cannot read properties of undefined (reading 'getDay')
    at file:///C:/Users/Samopz/Taskly_App-Capstone_Project/src/crons/cronjob.js:16:33
    at Array.forEach (<anonymous>)
    at Task.checkTasks [as _execution] (file:///C:/Users/Samopz/Taskly_App-Capstone_Project/src/crons/cronjob.js:14:11)
    at process.processTicksAndRejections (node:internal/process/task_queues:95:5)
2024-07-05 10:34:00 error: uncaughtException: Cannot read properties of undefined (reading 'getDay')
TypeError: Cannot read properties of undefined (reading 'getDay')
    at file:///C:/Users/Samopz/Taskly_App-Capstone_Project/src/crons/cronjob.js:16:33
    at Array.forEach (<anonymous>)
    at Task.checkTasks [as _execution] (file:///C:/Users/Samopz/Taskly_App-Capstone_Project/src/crons/cronjob.js:14:11)
    at process.processTicksAndRejections (node:internal/process/task_queues:95:5)
2024-07-05 10:34:00 error: uncaughtException: Cannot read properties of undefined (reading 'getDay')
TypeError: Cannot read properties of undefined (reading 'getDay')
    at file:///C:/Users/Samopz/Taskly_App-Capstone_Project/src/crons/cronjob.js:16:33
    at Array.forEach (<anonymous>)
    at Task.checkTasks [as _execution] (file:///C:/Users/Samopz/Taskly_App-Capstone_Project/src/crons/cronjob.js:14:11)
    at process.processTicksAndRejections (node:internal/process/task_queues:95:5)
2024-07-05 10:34:00 error: uncaughtException: Cannot read properties of undefined (reading 'getDay')
TypeError: Cannot read properties of undefined (reading 'getDay')
    at file:///C:/Users/Samopz/Taskly_App-Capstone_Project/src/crons/cronjob.js:16:33
    at Array.forEach (<anonymous>)
    at Task.checkTasks [as _execution] (file:///C:/Users/Samopz/Taskly_App-Capstone_Project/src/crons/cronjob.js:14:11)
    at process.processTicksAndRejections (node:internal/process/task_queues:95:5)
2024-07-05 10:34:00 error: uncaughtException: Cannot read properties of undefined (reading 'getDay')
TypeError: Cannot read properties of undefined (reading 'getDay')
    at file:///C:/Users/Samopz/Taskly_App-Capstone_Project/src/crons/cronjob.js:16:33
    at Array.forEach (<anonymous>)
    at Task.checkTasks [as _execution] (file:///C:/Users/Samopz/Taskly_App-Capstone_Project/src/crons/cronjob.js:14:11)
    at process.processTicksAndRejections (node:internal/process/task_queues:95:5)
2024-07-05 10:34:00 error: uncaughtException: Cannot read properties of undefined (reading 'getDay')
TypeError: Cannot read properties of undefined (reading 'getDay')
    at file:///C:/Users/Samopz/Taskly_App-Capstone_Project/src/crons/cronjob.js:16:33
    at Array.forEach (<anonymous>)
    at Task.checkTasks [as _execution] (file:///C:/Users/Samopz/Taskly_App-Capstone_Project/src/crons/cronjob.js:14:11)
    at process.processTicksAndRejections (node:internal/process/task_queues:95:5)
2024-07-05 10:37:01 info: Users found
2024-07-05 10:37:01 error: uncaughtException: Cannot read properties of undefined (reading 'getDay')
TypeError: Cannot read properties of undefined (reading 'getDay')
    at file:///C:/Users/Samopz/Taskly_App-Capstone_Project/src/crons/cronjob.js:16:33
    at Array.forEach (<anonymous>)
    at Task.checkTasks [as _execution] (file:///C:/Users/Samopz/Taskly_App-Capstone_Project/src/crons/cronjob.js:14:11)
    at process.processTicksAndRejections (node:internal/process/task_queues:95:5)
2024-07-05 10:37:01 error: uncaughtException: Cannot read properties of undefined (reading 'getDay')
TypeError: Cannot read properties of undefined (reading 'getDay')
    at file:///C:/Users/Samopz/Taskly_App-Capstone_Project/src/crons/cronjob.js:16:33
    at Array.forEach (<anonymous>)
    at Task.checkTasks [as _execution] (file:///C:/Users/Samopz/Taskly_App-Capstone_Project/src/crons/cronjob.js:14:11)
    at process.processTicksAndRejections (node:internal/process/task_queues:95:5)
2024-07-05 10:37:01 error: uncaughtException: Cannot read properties of undefined (reading 'getDay')
TypeError: Cannot read properties of undefined (reading 'getDay')
    at file:///C:/Users/Samopz/Taskly_App-Capstone_Project/src/crons/cronjob.js:16:33
    at Array.forEach (<anonymous>)
    at Task.checkTasks [as _execution] (file:///C:/Users/Samopz/Taskly_App-Capstone_Project/src/crons/cronjob.js:14:11)
    at process.processTicksAndRejections (node:internal/process/task_queues:95:5)
2024-07-05 10:37:01 error: uncaughtException: Cannot read properties of undefined (reading 'getDay')
TypeError: Cannot read properties of undefined (reading 'getDay')
    at file:///C:/Users/Samopz/Taskly_App-Capstone_Project/src/crons/cronjob.js:16:33
    at Array.forEach (<anonymous>)
    at Task.checkTasks [as _execution] (file:///C:/Users/Samopz/Taskly_App-Capstone_Project/src/crons/cronjob.js:14:11)
    at process.processTicksAndRejections (node:internal/process/task_queues:95:5)
2024-07-05 10:37:01 error: uncaughtException: Cannot read properties of undefined (reading 'getDay')
TypeError: Cannot read properties of undefined (reading 'getDay')
    at file:///C:/Users/Samopz/Taskly_App-Capstone_Project/src/crons/cronjob.js:16:33
    at Array.forEach (<anonymous>)
    at Task.checkTasks [as _execution] (file:///C:/Users/Samopz/Taskly_App-Capstone_Project/src/crons/cronjob.js:14:11)
    at process.processTicksAndRejections (node:internal/process/task_queues:95:5)
2024-07-05 10:37:01 error: uncaughtException: Cannot read properties of undefined (reading 'getDay')
TypeError: Cannot read properties of undefined (reading 'getDay')
    at file:///C:/Users/Samopz/Taskly_App-Capstone_Project/src/crons/cronjob.js:16:33
    at Array.forEach (<anonymous>)
    at Task.checkTasks [as _execution] (file:///C:/Users/Samopz/Taskly_App-Capstone_Project/src/crons/cronjob.js:14:11)
    at process.processTicksAndRejections (node:internal/process/task_queues:95:5)
2024-07-05 10:37:01 error: uncaughtException: Cannot read properties of undefined (reading 'getDay')
TypeError: Cannot read properties of undefined (reading 'getDay')
    at file:///C:/Users/Samopz/Taskly_App-Capstone_Project/src/crons/cronjob.js:16:33
    at Array.forEach (<anonymous>)
    at Task.checkTasks [as _execution] (file:///C:/Users/Samopz/Taskly_App-Capstone_Project/src/crons/cronjob.js:14:11)
    at process.processTicksAndRejections (node:internal/process/task_queues:95:5)
2024-07-05 10:37:01 error: uncaughtException: Cannot read properties of undefined (reading 'getDay')
TypeError: Cannot read properties of undefined (reading 'getDay')
    at file:///C:/Users/Samopz/Taskly_App-Capstone_Project/src/crons/cronjob.js:16:33
    at Array.forEach (<anonymous>)
    at Task.checkTasks [as _execution] (file:///C:/Users/Samopz/Taskly_App-Capstone_Project/src/crons/cronjob.js:14:11)
    at process.processTicksAndRejections (node:internal/process/task_queues:95:5)
2024-07-05 12:04:10 error: uncaughtException: Connection timeout
Error: Connection timeout
    at Socket.<anonymous> (C:\Users\Samopz\Taskly_App-Capstone_Project\node_modules\@redis\client\dist\lib\client\socket.js:177:124)
    at Object.onceWrapper (node:events:628:28)
    at Socket.emit (node:events:514:28)
    at Socket._onTimeout (node:net:589:8)
    at listOnTimeout (node:internal/timers:573:17)
    at process.processTimers (node:internal/timers:514:7)
2024-07-05 12:21:00 error: uncaughtException: Connection timeout
Error: Connection timeout
    at Socket.<anonymous> (C:\Users\Samopz\Taskly_App-Capstone_Project\node_modules\@redis\client\dist\lib\client\socket.js:177:124)
    at Object.onceWrapper (node:events:628:28)
    at Socket.emit (node:events:514:28)
    at Socket._onTimeout (node:net:589:8)
    at listOnTimeout (node:internal/timers:573:17)
    at process.processTimers (node:internal/timers:514:7)
2024-07-05 12:21:19 error: uncaughtException: redis is not defined
ReferenceError: redis is not defined
    at file:///C:/Users/Samopz/Taskly_App-Capstone_Project/src/server.js:11:1
    at ModuleJob.run (node:internal/modules/esm/module_job:218:25)
    at async ModuleLoader.import (node:internal/modules/esm/loader:329:24)
    at async loadESM (node:internal/process/esm_loader:34:7)
    at async handleMainPromise (node:internal/modules/run_main:113:12)
2024-07-05 12:21:56 info: HTTP Access Log
2024-07-05 12:23:43 info: HTTP Access Log
2024-07-05 12:24:37 info: HTTP Access Log
2024-07-05 12:25:19 error: uncaughtException: Task validation failed: status: `pending` is not a valid enum value for path `status`.
ValidationError: Task validation failed: status: `pending` is not a valid enum value for path `status`.
    at Document.invalidate (C:\Users\Samopz\Taskly_App-Capstone_Project\node_modules\mongoose\lib\document.js:3307:32)
    at C:\Users\Samopz\Taskly_App-Capstone_Project\node_modules\mongoose\lib\document.js:3068:17
    at C:\Users\Samopz\Taskly_App-Capstone_Project\node_modules\mongoose\lib\schemaType.js:1388:9
    at process.processTicksAndRejections (node:internal/process/task_queues:77:11)
2024-07-05 12:27:20 info: HTTP Access Log
2024-07-05 12:28:15 info: HTTP Access Log
2024-07-05 12:36:48 info: HTTP Access Log
2024-07-05 12:38:01 info: HTTP Access Log
2024-07-05 12:40:36 info: HTTP Access Log
2024-07-05 12:44:23 info: HTTP Access Log
2024-07-05 12:46:13 info: HTTP Access Log
2024-07-05 12:46:20 info: HTTP Access Log
2024-07-05 12:46:40 error: uncaughtException: Task validation failed: status: `pending` is not a valid enum value for path `status`.
ValidationError: Task validation failed: status: `pending` is not a valid enum value for path `status`.
    at Document.invalidate (C:\Users\Samopz\Taskly_App-Capstone_Project\node_modules\mongoose\lib\document.js:3307:32)
    at C:\Users\Samopz\Taskly_App-Capstone_Project\node_modules\mongoose\lib\document.js:3068:17
    at C:\Users\Samopz\Taskly_App-Capstone_Project\node_modules\mongoose\lib\schemaType.js:1388:9
    at process.processTicksAndRejections (node:internal/process/task_queues:77:11)
2024-07-05 12:49:17 info: Task created successfully
2024-07-05 12:49:17 info: HTTP Access Log
2024-07-05 12:54:11 error: uncaughtException: Task validation failed: comments: Cast to embedded failed for value "ASAP" (type string) at path "comments" because of "ObjectParameterError"
ValidationError: Task validation failed: comments: Cast to embedded failed for value "ASAP" (type string) at path "comments" because of "ObjectParameterError"
    at Document.invalidate (C:\Users\Samopz\Taskly_App-Capstone_Project\node_modules\mongoose\lib\document.js:3307:32)
    at model.$set (C:\Users\Samopz\Taskly_App-Capstone_Project\node_modules\mongoose\lib\document.js:1463:12)
    at model.$set (C:\Users\Samopz\Taskly_App-Capstone_Project\node_modules\mongoose\lib\document.js:1117:16)
    at model.Document (C:\Users\Samopz\Taskly_App-Capstone_Project\node_modules\mongoose\lib\document.js:166:12)
    at model.Model (C:\Users\Samopz\Taskly_App-Capstone_Project\node_modules\mongoose\lib\model.js:132:12)
    at new model (C:\Users\Samopz\Taskly_App-Capstone_Project\node_modules\mongoose\lib\model.js:4881:15)
    at createTask (file:///C:/Users/Samopz/Taskly_App-Capstone_Project/src/services/taskService.js:17:16)
    at create (file:///C:/Users/Samopz/Taskly_App-Capstone_Project/src/controllers/taskController.js:10:22)
    at Layer.handle [as handle_request] (C:\Users\Samopz\Taskly_App-Capstone_Project\node_modules\express\lib\router\layer.js:95:5)
    at next (C:\Users\Samopz\Taskly_App-Capstone_Project\node_modules\express\lib\router\route.js:149:13)
2024-07-05 12:55:54 error: uncaughtException: Task validation failed: comments: Cast to embedded failed for value "ASAP" (type string) at path "comments" because of "ObjectParameterError"
ValidationError: Task validation failed: comments: Cast to embedded failed for value "ASAP" (type string) at path "comments" because of "ObjectParameterError"
    at Document.invalidate (C:\Users\Samopz\Taskly_App-Capstone_Project\node_modules\mongoose\lib\document.js:3307:32)
    at model.$set (C:\Users\Samopz\Taskly_App-Capstone_Project\node_modules\mongoose\lib\document.js:1463:12)
    at model.$set (C:\Users\Samopz\Taskly_App-Capstone_Project\node_modules\mongoose\lib\document.js:1117:16)
    at model.Document (C:\Users\Samopz\Taskly_App-Capstone_Project\node_modules\mongoose\lib\document.js:166:12)
    at model.Model (C:\Users\Samopz\Taskly_App-Capstone_Project\node_modules\mongoose\lib\model.js:132:12)
    at new model (C:\Users\Samopz\Taskly_App-Capstone_Project\node_modules\mongoose\lib\model.js:4881:15)
    at createTask (file:///C:/Users/Samopz/Taskly_App-Capstone_Project/src/services/taskService.js:17:16)
    at create (file:///C:/Users/Samopz/Taskly_App-Capstone_Project/src/controllers/taskController.js:10:22)
    at Layer.handle [as handle_request] (C:\Users\Samopz\Taskly_App-Capstone_Project\node_modules\express\lib\router\layer.js:95:5)
    at next (C:\Users\Samopz\Taskly_App-Capstone_Project\node_modules\express\lib\router\route.js:149:13)
2024-07-05 12:58:19 info: Task created successfully
2024-07-05 12:58:19 info: HTTP Access Log
2024-07-05 13:25:00 info: Users found
2024-07-05 13:25:00 error: uncaughtException: user.task.getDay is not a function
TypeError: user.task.getDay is not a function
    at file:///C:/Users/Samopz/Taskly_App-Capstone_Project/src/crons/cronjob.js:16:33
    at Array.forEach (<anonymous>)
    at Task.checkTasks [as _execution] (file:///C:/Users/Samopz/Taskly_App-Capstone_Project/src/crons/cronjob.js:14:11)
    at process.processTicksAndRejections (node:internal/process/task_queues:95:5)
2024-07-05 13:25:00 error: uncaughtException: user.task.getDay is not a function
TypeError: user.task.getDay is not a function
    at file:///C:/Users/Samopz/Taskly_App-Capstone_Project/src/crons/cronjob.js:16:33
    at Array.forEach (<anonymous>)
    at Task.checkTasks [as _execution] (file:///C:/Users/Samopz/Taskly_App-Capstone_Project/src/crons/cronjob.js:14:11)
    at process.processTicksAndRejections (node:internal/process/task_queues:95:5)
2024-07-05 13:32:58 error: uncaughtException: Invalid schema configuration: `Now` is not a valid type at path `task.date`. See https://bit.ly/mongoose-schematypes for a list of valid schema types.
TypeError: Invalid schema configuration: `Now` is not a valid type at path `task.date`. See https://bit.ly/mongoose-schematypes for a list of valid schema types.
    at Schema.interpretAsType (C:\Users\Samopz\Taskly_App-Capstone_Project\node_modules\mongoose\lib\schema.js:1496:11)
    at Schema.path (C:\Users\Samopz\Taskly_App-Capstone_Project\node_modules\mongoose\lib\schema.js:1094:27)
    at Schema.add (C:\Users\Samopz\Taskly_App-Capstone_Project\node_modules\mongoose\lib\schema.js:788:14)
    at Schema.add (C:\Users\Samopz\Taskly_App-Capstone_Project\node_modules\mongoose\lib\schema.js:754:12)
    at new Schema (C:\Users\Samopz\Taskly_App-Capstone_Project\node_modules\mongoose\lib\schema.js:143:10)
    at file:///C:/Users/Samopz/Taskly_App-Capstone_Project/src/models/userModel.js:5:20
    at ModuleJob.run (node:internal/modules/esm/module_job:218:25)
    at async ModuleLoader.import (node:internal/modules/esm/loader:329:24)
    at async loadESM (node:internal/process/esm_loader:34:7)
    at async handleMainPromise (node:internal/modules/run_main:113:12)
2024-07-05 13:33:31 error: uncaughtException: Invalid schema configuration: `Now` is not a valid type at path `task.date`. See https://bit.ly/mongoose-schematypes for a list of valid schema types.
TypeError: Invalid schema configuration: `Now` is not a valid type at path `task.date`. See https://bit.ly/mongoose-schematypes for a list of valid schema types.
    at Schema.interpretAsType (C:\Users\Samopz\Taskly_App-Capstone_Project\node_modules\mongoose\lib\schema.js:1496:11)
    at Schema.path (C:\Users\Samopz\Taskly_App-Capstone_Project\node_modules\mongoose\lib\schema.js:1094:27)
    at Schema.add (C:\Users\Samopz\Taskly_App-Capstone_Project\node_modules\mongoose\lib\schema.js:788:14)
    at Schema.add (C:\Users\Samopz\Taskly_App-Capstone_Project\node_modules\mongoose\lib\schema.js:754:12)
    at new Schema (C:\Users\Samopz\Taskly_App-Capstone_Project\node_modules\mongoose\lib\schema.js:143:10)
    at file:///C:/Users/Samopz/Taskly_App-Capstone_Project/src/models/userModel.js:5:20
    at ModuleJob.run (node:internal/modules/esm/module_job:218:25)
    at async ModuleLoader.import (node:internal/modules/esm/loader:329:24)
    at async loadESM (node:internal/process/esm_loader:34:7)
    at async handleMainPromise (node:internal/modules/run_main:113:12)
2024-07-05 13:35:30 error: uncaughtException: Cannot read properties of undefined (reading 'now')
TypeError: Cannot read properties of undefined (reading 'now')
    at file:///C:/Users/Samopz/Taskly_App-Capstone_Project/src/models/userModel.js:9:32
    at ModuleJob.run (node:internal/modules/esm/module_job:218:25)
    at async ModuleLoader.import (node:internal/modules/esm/loader:329:24)
    at async loadESM (node:internal/process/esm_loader:34:7)
    at async handleMainPromise (node:internal/modules/run_main:113:12)
2024-07-05 13:35:47 error: uncaughtException: Invalid value for schema path `task.date.type`, got value "undefined"
TypeError: Invalid value for schema path `task.date.type`, got value "undefined"
    at Schema.add (C:\Users\Samopz\Taskly_App-Capstone_Project\node_modules\mongoose\lib\schema.js:696:13)
    at Schema.add (C:\Users\Samopz\Taskly_App-Capstone_Project\node_modules\mongoose\lib\schema.js:754:12)
    at Schema.add (C:\Users\Samopz\Taskly_App-Capstone_Project\node_modules\mongoose\lib\schema.js:754:12)
    at new Schema (C:\Users\Samopz\Taskly_App-Capstone_Project\node_modules\mongoose\lib\schema.js:143:10)
    at file:///C:/Users/Samopz/Taskly_App-Capstone_Project/src/models/userModel.js:5:20
    at ModuleJob.run (node:internal/modules/esm/module_job:218:25)
    at async ModuleLoader.import (node:internal/modules/esm/loader:329:24)
    at async loadESM (node:internal/process/esm_loader:34:7)
    at async handleMainPromise (node:internal/modules/run_main:113:12)
2024-07-05 13:38:00 info: Users found
2024-07-05 13:38:00 error: uncaughtException: user.task.getDay is not a function
TypeError: user.task.getDay is not a function
    at file:///C:/Users/Samopz/Taskly_App-Capstone_Project/src/crons/cronjob.js:16:33
    at Array.forEach (<anonymous>)
    at Task.checkTasks [as _execution] (file:///C:/Users/Samopz/Taskly_App-Capstone_Project/src/crons/cronjob.js:14:11)
    at process.processTicksAndRejections (node:internal/process/task_queues:95:5)
2024-07-05 13:38:00 error: uncaughtException: user.task.getDay is not a function
TypeError: user.task.getDay is not a function
    at file:///C:/Users/Samopz/Taskly_App-Capstone_Project/src/crons/cronjob.js:16:33
    at Array.forEach (<anonymous>)
    at Task.checkTasks [as _execution] (file:///C:/Users/Samopz/Taskly_App-Capstone_Project/src/crons/cronjob.js:14:11)
    at process.processTicksAndRejections (node:internal/process/task_queues:95:5)
2024-07-05 13:58:00 info: Users found
2024-07-05 13:58:00 error: uncaughtException: Cannot read properties of undefined (reading 'getDay')
TypeError: Cannot read properties of undefined (reading 'getDay')
    at file:///C:/Users/Samopz/Taskly_App-Capstone_Project/src/crons/cronjob.js:16:33
    at Array.forEach (<anonymous>)
    at Task.checkTasks [as _execution] (file:///C:/Users/Samopz/Taskly_App-Capstone_Project/src/crons/cronjob.js:14:11)
    at process.processTicksAndRejections (node:internal/process/task_queues:95:5)
2024-07-05 13:58:00 error: uncaughtException: Cannot read properties of undefined (reading 'getDay')
TypeError: Cannot read properties of undefined (reading 'getDay')
    at file:///C:/Users/Samopz/Taskly_App-Capstone_Project/src/crons/cronjob.js:16:33
    at Array.forEach (<anonymous>)
    at Task.checkTasks [as _execution] (file:///C:/Users/Samopz/Taskly_App-Capstone_Project/src/crons/cronjob.js:14:11)
    at process.processTicksAndRejections (node:internal/process/task_queues:95:5)
2024-07-05 14:04:45 info: HTTP Access Log
2024-07-05 14:06:46 info: HTTP Access Log
2024-07-05 14:09:30 info: HTTP Access Log
2024-07-05 14:11:00 info: Users found
2024-07-05 14:11:00 error: uncaughtException: Cannot read properties of undefined (reading 'getDay')
TypeError: Cannot read properties of undefined (reading 'getDay')
    at file:///C:/Users/Samopz/Taskly_App-Capstone_Project/src/crons/cronjob.js:16:33
    at Array.forEach (<anonymous>)
    at Task.checkTasks [as _execution] (file:///C:/Users/Samopz/Taskly_App-Capstone_Project/src/crons/cronjob.js:14:11)
    at process.processTicksAndRejections (node:internal/process/task_queues:95:5)
2024-07-05 14:15:00 info: Users found
2024-07-05 14:15:00 error: uncaughtException: Cannot read properties of undefined (reading 'getDay')
TypeError: Cannot read properties of undefined (reading 'getDay')
    at file:///C:/Users/Samopz/Taskly_App-Capstone_Project/src/crons/cronjob.js:16:33
    at Array.forEach (<anonymous>)
    at Task.checkTasks [as _execution] (file:///C:/Users/Samopz/Taskly_App-Capstone_Project/src/crons/cronjob.js:14:11)
    at process.processTicksAndRejections (node:internal/process/task_queues:95:5)
2024-07-05 14:19:00 info: Users found
2024-07-05 14:19:00 error: uncaughtException: Cannot read properties of undefined (reading 'getDate')
TypeError: Cannot read properties of undefined (reading 'getDate')
    at file:///C:/Users/Samopz/Taskly_App-Capstone_Project/src/crons/cronjob.js:16:33
    at Array.forEach (<anonymous>)
    at Task.checkTasks [as _execution] (file:///C:/Users/Samopz/Taskly_App-Capstone_Project/src/crons/cronjob.js:14:11)
    at process.processTicksAndRejections (node:internal/process/task_queues:95:5)
2024-07-05 14:31:58 info: HTTP Access Log
2024-07-05 14:32:00 info: Users found
2024-07-05 14:32:00 error: uncaughtException: Cannot read properties of undefined (reading 'getDate')
TypeError: Cannot read properties of undefined (reading 'getDate')
    at file:///C:/Users/Samopz/Taskly_App-Capstone_Project/src/crons/cronjob.js:16:33
    at Array.forEach (<anonymous>)
    at Task.checkTasks [as _execution] (file:///C:/Users/Samopz/Taskly_App-Capstone_Project/src/crons/cronjob.js:14:11)
    at process.processTicksAndRejections (node:internal/process/task_queues:95:5)
2024-07-05 14:32:00 error: uncaughtException: Cannot read properties of undefined (reading 'getDate')
TypeError: Cannot read properties of undefined (reading 'getDate')
    at file:///C:/Users/Samopz/Taskly_App-Capstone_Project/src/crons/cronjob.js:16:33
    at Array.forEach (<anonymous>)
    at Task.checkTasks [as _execution] (file:///C:/Users/Samopz/Taskly_App-Capstone_Project/src/crons/cronjob.js:14:11)
    at process.processTicksAndRejections (node:internal/process/task_queues:95:5)
2024-07-05 14:34:02 info: HTTP Access Log
2024-07-05 14:35:00 info: Users found
2024-07-05 14:35:00 error: uncaughtException: Cannot read properties of undefined (reading 'getDate')
TypeError: Cannot read properties of undefined (reading 'getDate')
    at file:///C:/Users/Samopz/Taskly_App-Capstone_Project/src/crons/cronjob.js:16:33
    at Array.forEach (<anonymous>)
    at Task.checkTasks [as _execution] (file:///C:/Users/Samopz/Taskly_App-Capstone_Project/src/crons/cronjob.js:14:11)
    at process.processTicksAndRejections (node:internal/process/task_queues:95:5)
2024-07-05 14:35:00 error: uncaughtException: Cannot read properties of undefined (reading 'getDate')
TypeError: Cannot read properties of undefined (reading 'getDate')
    at file:///C:/Users/Samopz/Taskly_App-Capstone_Project/src/crons/cronjob.js:16:33
    at Array.forEach (<anonymous>)
    at Task.checkTasks [as _execution] (file:///C:/Users/Samopz/Taskly_App-Capstone_Project/src/crons/cronjob.js:14:11)
    at process.processTicksAndRejections (node:internal/process/task_queues:95:5)
2024-07-05 14:37:36 info: HTTP Access Log
2024-07-05 14:39:37 info: HTTP Access Log
2024-07-05 14:40:12 info: HTTP Access Log
2024-07-05 14:40:57 info: HTTP Access Log
2024-07-05 14:41:56 info: HTTP Access Log
2024-07-05 14:42:13 info: HTTP Access Log
2024-07-05 14:45:04 info: HTTP Access Log
2024-07-05 14:45:27 info: HTTP Access Log
2024-07-05 14:47:50 info: Task created successfully
2024-07-05 14:47:50 info: HTTP Access Log
2024-07-05 14:53:00 info: Users found
2024-07-05 14:53:00 error: uncaughtException: Cannot read properties of undefined (reading 'getDate')
TypeError: Cannot read properties of undefined (reading 'getDate')
    at file:///C:/Users/Samopz/Taskly_App-Capstone_Project/src/crons/cronjob.js:16:33
    at Array.forEach (<anonymous>)
    at Task.checkTasks [as _execution] (file:///C:/Users/Samopz/Taskly_App-Capstone_Project/src/crons/cronjob.js:14:11)
    at process.processTicksAndRejections (node:internal/process/task_queues:95:5)
2024-07-05 14:56:00 info: Users found
2024-07-05 14:57:00 info: Users found
2024-07-05 14:58:00 info: Users found
2024-07-05 14:59:00 info: Users found
2024-07-05 14:59:50 info: HTTP Access Log
2024-07-05 15:00:00 info: Users found
2024-07-05 15:00:00 error: uncaughtException: Cannot read properties of undefined (reading 'getDate')
TypeError: Cannot read properties of undefined (reading 'getDate')
    at file:///C:/Users/Samopz/Taskly_App-Capstone_Project/src/crons/cronjob.js:16:33
    at Array.forEach (<anonymous>)
    at Task.checkTasks [as _execution] (file:///C:/Users/Samopz/Taskly_App-Capstone_Project/src/crons/cronjob.js:14:11)
    at process.processTicksAndRejections (node:internal/process/task_queues:95:5)
2024-07-05 15:06:00 info: Users found
2024-07-05 15:06:00 error: uncaughtException: Cannot read properties of undefined (reading 'getDay')
TypeError: Cannot read properties of undefined (reading 'getDay')
    at file:///C:/Users/Samopz/Taskly_App-Capstone_Project/src/crons/cronjob.js:16:33
    at Array.forEach (<anonymous>)
    at Task.checkTasks [as _execution] (file:///C:/Users/Samopz/Taskly_App-Capstone_Project/src/crons/cronjob.js:14:11)
    at process.processTicksAndRejections (node:internal/process/task_queues:95:5)
2024-07-05 15:08:00 info: Users found
2024-07-05 15:08:00 error: uncaughtException: Cannot read properties of undefined (reading 'getDay')
TypeError: Cannot read properties of undefined (reading 'getDay')
    at file:///C:/Users/Samopz/Taskly_App-Capstone_Project/src/crons/cronjob.js:16:32
    at Array.forEach (<anonymous>)
    at Task.checkTasks [as _execution] (file:///C:/Users/Samopz/Taskly_App-Capstone_Project/src/crons/cronjob.js:14:11)
    at process.processTicksAndRejections (node:internal/process/task_queues:95:5)
2024-07-05 16:22:46 error: uncaughtException: getaddrinfo ENOTFOUND redis-16273.c74.us-east-1-4.ec2.redns.redis-cloud.com
Error: getaddrinfo ENOTFOUND redis-16273.c74.us-east-1-4.ec2.redns.redis-cloud.com
    at GetAddrInfoReqWrap.onlookupall [as oncomplete] (node:dns:118:26)
2024-07-05 16:23:06 error: uncaughtException: getaddrinfo ENOTFOUND redis-16273.c74.us-east-1-4.ec2.redns.redis-cloud.com
Error: getaddrinfo ENOTFOUND redis-16273.c74.us-east-1-4.ec2.redns.redis-cloud.com
    at GetAddrInfoReqWrap.onlookupall [as oncomplete] (node:dns:118:26)
2024-07-05 18:40:15 info: HTTP Access Log
2024-07-05 18:40:15 info: HTTP Access Log
2024-07-05 18:40:15 info: HTTP Access Log
2024-07-05 18:40:17 info: HTTP Access Log
2024-07-05 18:41:36 info: HTTP Access Log
2024-07-05 19:35:40 info: HTTP Access Log
2024-07-05 19:35:40 info: HTTP Access Log
2024-07-05 19:35:40 info: HTTP Access Log
2024-07-05 19:35:52 info: HTTP Access Log
2024-07-05 19:35:52 info: HTTP Access Log
2024-07-05 19:35:52 info: HTTP Access Log
2024-07-05 19:36:07 info: HTTP Access Log
2024-07-05 19:36:07 info: HTTP Access Log
2024-07-05 19:36:07 info: HTTP Access Log
2024-07-05 19:36:11 info: HTTP Access Log
2024-07-05 19:36:11 info: HTTP Access Log
2024-07-05 19:36:11 info: HTTP Access Log
2024-07-05 19:38:11 info: HTTP Access Log
2024-07-05 19:38:11 info: HTTP Access Log
2024-07-05 19:38:11 info: HTTP Access Log
2024-07-05 19:38:23 info: HTTP Access Log
2024-07-05 19:42:00 info: Users found
2024-07-05 19:43:00 info: Users found
2024-07-05 20:08:05 info: HTTP Access Log
2024-07-05 20:09:00 info: Users found
2024-07-05 20:09:00 error: uncaughtException: Cannot read properties of undefined (reading 'getDay')
TypeError: Cannot read properties of undefined (reading 'getDay')
    at file:///C:/Users/Samopz/Taskly_App-Capstone_Project/src/crons/cronjob.js:16:38
    at Array.forEach (<anonymous>)
    at Task.checkTasks [as _execution] (file:///C:/Users/Samopz/Taskly_App-Capstone_Project/src/crons/cronjob.js:14:11)
    at process.processTicksAndRejections (node:internal/process/task_queues:95:5)
2024-07-05 20:13:23 info: HTTP Access Log
2024-07-05 20:14:00 info: Users found
2024-07-05 20:25:36 info: HTTP Access Log
2024-07-05 20:26:00 info: Users found
2024-07-05 20:28:00 info: Users found
2024-07-05 20:29:00 info: Users found
2024-07-06 09:12:57 error: uncaughtException: Connection timeout
Error: Connection timeout
    at Socket.<anonymous> (C:\Users\Samopz\Taskly_App-Capstone_Project\node_modules\@redis\client\dist\lib\client\socket.js:177:124)
    at Object.onceWrapper (node:events:628:28)
    at Socket.emit (node:events:514:28)
    at Socket._onTimeout (node:net:589:8)
    at listOnTimeout (node:internal/timers:573:17)
    at process.processTimers (node:internal/timers:514:7)
2024-07-06 09:14:27 info: HTTP Access Log
2024-07-06 09:14:28 info: HTTP Access Log
2024-07-06 09:14:28 info: HTTP Access Log
2024-07-06 09:14:32 info: HTTP Access Log
2024-07-06 20:07:18 info: HTTP Access Log
2024-07-06 20:08:26 info: HTTP Access Log
2024-07-06 20:08:45 info: HTTP Access Log
2024-07-06 20:09:07 info: Task created successfully
2024-07-06 20:09:07 info: HTTP Access Log
2024-07-06 20:09:22 info: HTTP Access Log
2024-07-06 20:10:14 info: Board created successfully
2024-07-06 20:10:14 info: HTTP Access Log
2024-07-06 20:11:23 info: HTTP Access Log
2024-07-06 20:11:38 info: HTTP Access Log
2024-07-06 20:14:38 info: HTTP Access Log
2024-07-06 20:16:51 info: HTTP Access Log
2024-07-06 20:17:08 info: HTTP Access Log
2024-07-06 20:18:28 info: Invitation created successfully
2024-07-06 20:18:28 info: HTTP Access Log
2024-07-06 20:19:42 info: HTTP Access Log
2024-07-06 20:19:50 info: organization created successfully
2024-07-06 20:19:50 info: HTTP Access Log
2024-07-06 20:20:44 info: HTTP Access Log
2024-07-06 20:21:12 info: organization created successfully
2024-07-06 20:21:12 info: HTTP Access Log
2024-07-11 06:36:11 error: uncaughtException: __dirname is not defined in ES module scope
This file is being treated as an ES module because it has a '.js' file extension and 'C:\Users\Samopz\Taskly_App-Capstone_Project\package.json' contains "type": "module". To treat it as a CommonJS script, rename it to use the '.cjs' file extension.
ReferenceError: __dirname is not defined in ES module scope
This file is being treated as an ES module because it has a '.js' file extension and 'C:\Users\Samopz\Taskly_App-Capstone_Project\package.json' contains "type": "module". To treat it as a CommonJS script, rename it to use the '.cjs' file extension.
    at file:///C:/Users/Samopz/Taskly_App-Capstone_Project/app.js:34:34
    at ModuleJob.run (node:internal/modules/esm/module_job:218:25)
    at async ModuleLoader.import (node:internal/modules/esm/loader:329:24)
    at async loadESM (node:internal/process/esm_loader:34:7)
    at async handleMainPromise (node:internal/modules/run_main:113:12)
2024-07-11 06:36:27 info: HTTP Access Log
2024-07-11 06:36:27 info: HTTP Access Log
2024-07-11 06:36:27 info: HTTP Access Log
2024-07-11 06:36:28 info: HTTP Access Log
2024-07-11 06:36:40 error: uncaughtException: __dirname is not defined in ES module scope
This file is being treated as an ES module because it has a '.js' file extension and 'C:\Users\Samopz\Taskly_App-Capstone_Project\package.json' contains "type": "module". To treat it as a CommonJS script, rename it to use the '.cjs' file extension.
ReferenceError: __dirname is not defined in ES module scope
This file is being treated as an ES module because it has a '.js' file extension and 'C:\Users\Samopz\Taskly_App-Capstone_Project\package.json' contains "type": "module". To treat it as a CommonJS script, rename it to use the '.cjs' file extension.
    at file:///C:/Users/Samopz/Taskly_App-Capstone_Project/app.js:34:34
    at ModuleJob.run (node:internal/modules/esm/module_job:218:25)
    at async ModuleLoader.import (node:internal/modules/esm/loader:329:24)
    at async loadESM (node:internal/process/esm_loader:34:7)
    at async handleMainPromise (node:internal/modules/run_main:113:12)
2024-07-11 06:36:55 error: uncaughtException: __dirname is not defined in ES module scope
This file is being treated as an ES module because it has a '.js' file extension and 'C:\Users\Samopz\Taskly_App-Capstone_Project\package.json' contains "type": "module". To treat it as a CommonJS script, rename it to use the '.cjs' file extension.
ReferenceError: __dirname is not defined in ES module scope
This file is being treated as an ES module because it has a '.js' file extension and 'C:\Users\Samopz\Taskly_App-Capstone_Project\package.json' contains "type": "module". To treat it as a CommonJS script, rename it to use the '.cjs' file extension.
    at file:///C:/Users/Samopz/Taskly_App-Capstone_Project/app.js:34:34
    at ModuleJob.run (node:internal/modules/esm/module_job:218:25)
    at async ModuleLoader.import (node:internal/modules/esm/loader:329:24)
    at async loadESM (node:internal/process/esm_loader:34:7)
    at async handleMainPromise (node:internal/modules/run_main:113:12)
2024-07-11 06:36:59 error: uncaughtException: __dirname is not defined in ES module scope
This file is being treated as an ES module because it has a '.js' file extension and 'C:\Users\Samopz\Taskly_App-Capstone_Project\package.json' contains "type": "module". To treat it as a CommonJS script, rename it to use the '.cjs' file extension.
ReferenceError: __dirname is not defined in ES module scope
This file is being treated as an ES module because it has a '.js' file extension and 'C:\Users\Samopz\Taskly_App-Capstone_Project\package.json' contains "type": "module". To treat it as a CommonJS script, rename it to use the '.cjs' file extension.
    at file:///C:/Users/Samopz/Taskly_App-Capstone_Project/app.js:34:34
    at ModuleJob.run (node:internal/modules/esm/module_job:218:25)
    at async ModuleLoader.import (node:internal/modules/esm/loader:329:24)
    at async loadESM (node:internal/process/esm_loader:34:7)
    at async handleMainPromise (node:internal/modules/run_main:113:12)
2024-07-11 06:37:42 error: uncaughtException: path is not defined
ReferenceError: path is not defined
    at file:///C:/Users/Samopz/Taskly_App-Capstone_Project/app.js:34:24
    at ModuleJob.run (node:internal/modules/esm/module_job:218:25)
    at async ModuleLoader.import (node:internal/modules/esm/loader:329:24)
    at async loadESM (node:internal/process/esm_loader:34:7)
    at async handleMainPromise (node:internal/modules/run_main:113:12)
2024-07-11 06:37:48 error: uncaughtException: path is not defined
ReferenceError: path is not defined
    at file:///C:/Users/Samopz/Taskly_App-Capstone_Project/app.js:34:24
    at ModuleJob.run (node:internal/modules/esm/module_job:218:25)
    at async ModuleLoader.import (node:internal/modules/esm/loader:329:24)
    at async loadESM (node:internal/process/esm_loader:34:7)
    at async handleMainPromise (node:internal/modules/run_main:113:12)
2024-07-11 06:37:50 error: uncaughtException: path is not defined
ReferenceError: path is not defined
    at file:///C:/Users/Samopz/Taskly_App-Capstone_Project/app.js:34:24
    at ModuleJob.run (node:internal/modules/esm/module_job:218:25)
    at async ModuleLoader.import (node:internal/modules/esm/loader:329:24)
    at async loadESM (node:internal/process/esm_loader:34:7)
    at async handleMainPromise (node:internal/modules/run_main:113:12)
2024-07-11 06:38:57 error: uncaughtException: path is not defined
ReferenceError: path is not defined
    at file:///C:/Users/Samopz/Taskly_App-Capstone_Project/app.js:34:24
    at ModuleJob.run (node:internal/modules/esm/module_job:218:25)
    at async ModuleLoader.import (node:internal/modules/esm/loader:329:24)
    at async loadESM (node:internal/process/esm_loader:34:7)
    at async handleMainPromise (node:internal/modules/run_main:113:12)
2024-07-11 06:38:58 error: uncaughtException: path is not defined
ReferenceError: path is not defined
    at file:///C:/Users/Samopz/Taskly_App-Capstone_Project/app.js:34:24
    at ModuleJob.run (node:internal/modules/esm/module_job:218:25)
    at async ModuleLoader.import (node:internal/modules/esm/loader:329:24)
    at async loadESM (node:internal/process/esm_loader:34:7)
    at async handleMainPromise (node:internal/modules/run_main:113:12)
2024-07-11 06:40:16 error: uncaughtException: express is not defined
ReferenceError: express is not defined
    at file:///C:/Users/Samopz/Taskly_App-Capstone_Project/src/server.js:16:9
    at ModuleJob.run (node:internal/modules/esm/module_job:218:25)
    at async ModuleLoader.import (node:internal/modules/esm/loader:329:24)
    at async loadESM (node:internal/process/esm_loader:34:7)
    at async handleMainPromise (node:internal/modules/run_main:113:12)
2024-07-11 06:41:22 info: Welcome to Tasky!
2024-07-11 06:41:22 info: HTTP Access Log
2024-07-11 06:42:10 info: Welcome to Tasky!
2024-07-11 06:42:10 info: HTTP Access Log
2024-07-11 06:43:04 info: HTTP Access Log
2024-07-11 06:44:25 info: HTTP Access Log
2024-07-11 06:47:30 info: HTTP Access Log
2024-07-11 06:49:10 info: HTTP Access Log
2024-07-11 06:49:10 info: HTTP Access Log
2024-07-11 06:49:10 info: HTTP Access Log
2024-07-11 06:49:54 info: HTTP Access Log
2024-07-18 02:18:15 info: HTTP Access Log
2024-07-18 02:18:27 info: HTTP Access Log
2024-07-18 02:18:27 info: HTTP Access Log
2024-07-18 02:25:21 info: HTTP Access Log
2024-07-18 02:25:21 info: HTTP Access Log
2024-07-18 02:30:43 info: HTTP Access Log
2024-07-18 02:30:49 info: HTTP Access Log
2024-07-18 02:31:01 info: HTTP Access Log
2024-07-18 02:31:48 info: HTTP Access Log
2024-07-18 02:32:12 info: HTTP Access Log
2024-07-18 02:32:14 info: HTTP Access Log
2024-07-19 03:29:58 error: uncaughtException: auth0Middleware is not defined
ReferenceError: auth0Middleware is not defined
    at file:///C:/Users/Samopz/Taskly_App-Capstone_Project/app.js:23:9
    at ModuleJob.run (node:internal/modules/esm/module_job:218:25)
    at async ModuleLoader.import (node:internal/modules/esm/loader:329:24)
    at async loadESM (node:internal/process/esm_loader:34:7)
    at async handleMainPromise (node:internal/modules/run_main:113:12)
2024-07-19 03:30:13 error: uncaughtException: auth0Middleware is not defined
ReferenceError: auth0Middleware is not defined
    at file:///C:/Users/Samopz/Taskly_App-Capstone_Project/app.js:24:9
    at ModuleJob.run (node:internal/modules/esm/module_job:218:25)
    at async ModuleLoader.import (node:internal/modules/esm/loader:329:24)
    at async loadESM (node:internal/process/esm_loader:34:7)
    at async handleMainPromise (node:internal/modules/run_main:113:12)
2024-07-19 03:30:17 error: uncaughtException: im is not defined
ReferenceError: im is not defined
    at file:///C:/Users/Samopz/Taskly_App-Capstone_Project/app.js:13:1
    at ModuleJob.run (node:internal/modules/esm/module_job:218:25)
    at async ModuleLoader.import (node:internal/modules/esm/loader:329:24)
    at async loadESM (node:internal/process/esm_loader:34:7)
    at async handleMainPromise (node:internal/modules/run_main:113:12)
2024-07-19 03:32:48 error: uncaughtException: "secret" is required
TypeError: "secret" is required
    at module.exports.get (C:\Users\Samopz\Taskly_App-Capstone_Project\node_modules\express-openid-connect\lib\config.js:320:11)
    at auth (C:\Users\Samopz\Taskly_App-Capstone_Project\node_modules\express-openid-connect\middleware\auth.js:24:18)
    at file:///C:/Users/Samopz/Taskly_App-Capstone_Project/src/middlewares/auth/auth0.js:12:16
    at ModuleJob.run (node:internal/modules/esm/module_job:218:25)
    at async ModuleLoader.import (node:internal/modules/esm/loader:329:24)
    at async loadESM (node:internal/process/esm_loader:34:7)
    at async handleMainPromise (node:internal/modules/run_main:113:12)
2024-07-19 03:36:28 error: uncaughtException: "secret" is required
TypeError: "secret" is required
    at module.exports.get (C:\Users\Samopz\Taskly_App-Capstone_Project\node_modules\express-openid-connect\lib\config.js:320:11)
    at auth (C:\Users\Samopz\Taskly_App-Capstone_Project\node_modules\express-openid-connect\middleware\auth.js:24:18)
    at file:///C:/Users/Samopz/Taskly_App-Capstone_Project/src/middlewares/auth/auth0.js:12:16
    at ModuleJob.run (node:internal/modules/esm/module_job:218:25)
    at async ModuleLoader.import (node:internal/modules/esm/loader:329:24)
    at async loadESM (node:internal/process/esm_loader:34:7)
    at async handleMainPromise (node:internal/modules/run_main:113:12)
2024-07-19 03:42:42 error: uncaughtException: "secret" is required
TypeError: "secret" is required
    at module.exports.get (C:\Users\Samopz\Taskly_App-Capstone_Project\node_modules\express-openid-connect\lib\config.js:320:11)
    at auth (C:\Users\Samopz\Taskly_App-Capstone_Project\node_modules\express-openid-connect\middleware\auth.js:24:18)
    at file:///C:/Users/Samopz/Taskly_App-Capstone_Project/src/middlewares/auth/auth0.js:12:16
    at ModuleJob.run (node:internal/modules/esm/module_job:218:25)
    at async ModuleLoader.import (node:internal/modules/esm/loader:329:24)
    at async loadESM (node:internal/process/esm_loader:34:7)
    at async handleMainPromise (node:internal/modules/run_main:113:12)
2024-07-19 03:44:10 error: uncaughtException: "secret" is required
TypeError: "secret" is required
    at module.exports.get (C:\Users\Samopz\Taskly_App-Capstone_Project\node_modules\express-openid-connect\lib\config.js:320:11)
    at auth (C:\Users\Samopz\Taskly_App-Capstone_Project\node_modules\express-openid-connect\middleware\auth.js:24:18)
    at file:///C:/Users/Samopz/Taskly_App-Capstone_Project/src/middlewares/auth/auth0.js:12:16
    at ModuleJob.run (node:internal/modules/esm/module_job:218:25)
    at async ModuleLoader.import (node:internal/modules/esm/loader:329:24)
    at async loadESM (node:internal/process/esm_loader:34:7)
    at async handleMainPromise (node:internal/modules/run_main:113:12)
2024-07-19 03:46:36 error: uncaughtException: "secret" is required
TypeError: "secret" is required
    at module.exports.get (C:\Users\Samopz\Taskly_App-Capstone_Project\node_modules\express-openid-connect\lib\config.js:320:11)
    at auth (C:\Users\Samopz\Taskly_App-Capstone_Project\node_modules\express-openid-connect\middleware\auth.js:24:18)
    at file:///C:/Users/Samopz/Taskly_App-Capstone_Project/src/middlewares/auth/auth0.js:12:16
    at ModuleJob.run (node:internal/modules/esm/module_job:218:25)
    at async ModuleLoader.import (node:internal/modules/esm/loader:329:24)
    at async loadESM (node:internal/process/esm_loader:34:7)
    at async handleMainPromise (node:internal/modules/run_main:113:12)
2024-07-19 03:52:05 error: uncaughtException: "secret" is required
TypeError: "secret" is required
    at module.exports.get (C:\Users\Samopz\Taskly_App-Capstone_Project\node_modules\express-openid-connect\lib\config.js:320:11)
    at auth (C:\Users\Samopz\Taskly_App-Capstone_Project\node_modules\express-openid-connect\middleware\auth.js:24:18)
    at file:///C:/Users/Samopz/Taskly_App-Capstone_Project/src/middlewares/auth/auth0.js:12:16
    at ModuleJob.run (node:internal/modules/esm/module_job:218:25)
    at async ModuleLoader.import (node:internal/modules/esm/loader:329:24)
    at async loadESM (node:internal/process/esm_loader:34:7)
    at async handleMainPromise (node:internal/modules/run_main:113:12)
2024-07-19 03:52:20 error: uncaughtException: "secret" is required
TypeError: "secret" is required
    at module.exports.get (C:\Users\Samopz\Taskly_App-Capstone_Project\node_modules\express-openid-connect\lib\config.js:320:11)
    at auth (C:\Users\Samopz\Taskly_App-Capstone_Project\node_modules\express-openid-connect\middleware\auth.js:24:18)
    at file:///C:/Users/Samopz/Taskly_App-Capstone_Project/src/middlewares/auth/auth0.js:14:16
    at ModuleJob.run (node:internal/modules/esm/module_job:218:25)
    at async ModuleLoader.import (node:internal/modules/esm/loader:329:24)
    at async loadESM (node:internal/process/esm_loader:34:7)
    at async handleMainPromise (node:internal/modules/run_main:113:12)
2024-07-19 03:52:29 error: uncaughtException: "secret" is required
TypeError: "secret" is required
    at module.exports.get (C:\Users\Samopz\Taskly_App-Capstone_Project\node_modules\express-openid-connect\lib\config.js:320:11)
    at auth (C:\Users\Samopz\Taskly_App-Capstone_Project\node_modules\express-openid-connect\middleware\auth.js:24:18)
    at file:///C:/Users/Samopz/Taskly_App-Capstone_Project/src/middlewares/auth/auth0.js:13:16
    at ModuleJob.run (node:internal/modules/esm/module_job:218:25)
    at async ModuleLoader.import (node:internal/modules/esm/loader:329:24)
    at async loadESM (node:internal/process/esm_loader:34:7)
    at async handleMainPromise (node:internal/modules/run_main:113:12)
2024-07-19 03:52:32 error: uncaughtException: i is not defined
ReferenceError: i is not defined
    at file:///C:/Users/Samopz/Taskly_App-Capstone_Project/src/middlewares/auth/auth0.js:2:1
    at ModuleJob.run (node:internal/modules/esm/module_job:218:25)
    at async ModuleLoader.import (node:internal/modules/esm/loader:329:24)
    at async loadESM (node:internal/process/esm_loader:34:7)
    at async handleMainPromise (node:internal/modules/run_main:113:12)
2024-07-19 03:52:37 error: uncaughtException: "secret" is required
TypeError: "secret" is required
    at module.exports.get (C:\Users\Samopz\Taskly_App-Capstone_Project\node_modules\express-openid-connect\lib\config.js:320:11)
    at auth (C:\Users\Samopz\Taskly_App-Capstone_Project\node_modules\express-openid-connect\middleware\auth.js:24:18)
    at file:///C:/Users/Samopz/Taskly_App-Capstone_Project/src/middlewares/auth/auth0.js:13:16
    at ModuleJob.run (node:internal/modules/esm/module_job:218:25)
    at async ModuleLoader.import (node:internal/modules/esm/loader:329:24)
    at async loadESM (node:internal/process/esm_loader:34:7)
    at async handleMainPromise (node:internal/modules/run_main:113:12)
2024-07-19 03:52:39 error: uncaughtException: "secret" is required
TypeError: "secret" is required
    at module.exports.get (C:\Users\Samopz\Taskly_App-Capstone_Project\node_modules\express-openid-connect\lib\config.js:320:11)
    at auth (C:\Users\Samopz\Taskly_App-Capstone_Project\node_modules\express-openid-connect\middleware\auth.js:24:18)
    at file:///C:/Users/Samopz/Taskly_App-Capstone_Project/src/middlewares/auth/auth0.js:14:16
    at ModuleJob.run (node:internal/modules/esm/module_job:218:25)
    at async ModuleLoader.import (node:internal/modules/esm/loader:329:24)
    at async loadESM (node:internal/process/esm_loader:34:7)
    at async handleMainPromise (node:internal/modules/run_main:113:12)
2024-07-19 03:57:30 info: HTTP Access Log
2024-07-19 03:57:30 info: HTTP Access Log
2024-07-19 03:57:30 info: HTTP Access Log
2024-07-19 03:58:00 info: HTTP Access Log
2024-07-19 03:58:35 info: HTTP Access Log
2024-07-19 03:58:47 info: HTTP Access Log
2024-07-19 03:58:56 info: HTTP Access Log
2024-07-19 03:59:20 info: HTTP Access Log
2024-07-19 03:59:33 info: HTTP Access Log
2024-07-19 03:59:43 info: HTTP Access Log
2024-07-19 03:59:50 info: HTTP Access Log
2024-07-19 03:59:50 info: HTTP Access Log
2024-07-19 04:00:00 info: HTTP Access Log
2024-07-19 04:00:07 info: HTTP Access Log
2024-07-19 04:00:07 info: HTTP Access Log
2024-07-19 04:00:07 info: HTTP Access Log
2024-07-21 12:45:30 info: HTTP Access Log
2024-07-21 12:45:32 info: HTTP Access Log
2024-07-21 12:45:32 info: HTTP Access Log
2024-07-25 22:45:54 info: HTTP Access Log
2024-07-25 22:47:22 info: HTTP Access Log
2024-07-25 22:49:01 info: HTTP Access Log
2024-07-25 22:50:15 info: HTTP Access Log
2024-07-25 22:56:29 info: HTTP Access Log
2024-07-25 22:59:29 info: HTTP Access Log
2024-07-25 23:01:12 info: HTTP Access Log
2024-07-25 23:01:43 info: HTTP Access Log
2024-07-25 23:04:36 info: HTTP Access Log
2024-07-25 23:05:05 info: HTTP Access Log
2024-07-25 23:06:28 info: HTTP Access Log
2024-07-25 23:07:05 info: HTTP Access Log
2024-07-25 23:08:37 info: HTTP Access Log
2024-07-25 23:12:56 info: HTTP Access Log
2024-07-25 23:16:04 info: HTTP Access Log
2024-07-25 23:18:20 info: HTTP Access Log
2024-07-25 23:18:22 info: HTTP Access Log
2024-07-25 23:19:01 info: HTTP Access Log
2024-07-25 23:20:15 info: HTTP Access Log
2024-08-01 12:31:24 info: HTTP Access Log
2024-08-01 12:32:15 info: HTTP Access Log
2024-08-01 12:35:54 info: HTTP Access Log
2024-08-01 12:36:13 info: HTTP Access Log
2024-08-01 12:40:52 info: HTTP Access Log
2024-08-01 12:41:13 info: HTTP Access Log
2024-08-01 12:41:40 info: HTTP Access Log
2024-08-01 12:43:21 info: HTTP Access Log
2024-08-01 13:21:05 info: HTTP Access Log
2024-08-01 13:21:19 info: HTTP Access Log
2024-08-01 13:21:48 info: HTTP Access Log
2024-08-01 13:22:52 info: HTTP Access Log
2024-08-01 13:25:05 info: HTTP Access Log
2024-08-01 13:25:18 info: HTTP Access Log
2024-08-01 13:25:56 info: HTTP Access Log
2024-08-01 13:26:26 info: HTTP Access Log
2024-08-01 13:28:57 info: HTTP Access Log
2024-08-01 13:31:49 info: HTTP Access Log
2024-08-01 13:38:05 info: HTTP Access Log
2024-08-01 13:38:32 info: HTTP Access Log
2024-08-01 13:41:04 info: HTTP Access Log
2024-08-01 13:41:43 info: HTTP Access Log
2024-08-01 13:41:57 info: HTTP Access Log
2024-08-01 13:42:07 info: HTTP Access Log
2024-08-01 13:42:57 info: HTTP Access Log
2024-08-01 13:43:42 info: HTTP Access Log
2024-08-01 13:43:52 info: HTTP Access Log
2024-08-01 13:44:19 info: HTTP Access Log
2024-08-01 13:44:40 info: HTTP Access Log
2024-08-01 13:44:50 info: HTTP Access Log
2024-08-01 13:49:42 info: HTTP Access Log
2024-08-01 13:50:03 info: HTTP Access Log
2024-08-01 13:50:42 info: HTTP Access Log
2024-08-01 13:52:42 info: HTTP Access Log
2024-08-01 13:53:07 info: HTTP Access Log
2024-08-01 14:05:21 info: HTTP Access Log
2024-08-01 14:05:59 info: HTTP Access Log
2024-08-01 14:06:28 info: HTTP Access Log
2024-08-01 14:08:36 info: HTTP Access Log
2024-08-01 14:08:58 info: HTTP Access Log
2024-08-01 14:11:12 info: Users found
2024-08-01 14:11:12 info: HTTP Access Log
2024-08-01 14:11:46 info: HTTP Access Log
2024-08-01 14:15:29 info: HTTP Access Log
2024-08-01 14:16:47 info: Users found
2024-08-01 14:16:47 info: HTTP Access Log
2024-08-01 14:18:15 info: HTTP Access Log
2024-08-02 09:18:47 info: HTTP Access Log
2024-08-02 09:18:59 info: HTTP Access Log
2024-08-02 09:19:40 info: HTTP Access Log
2024-08-02 09:28:12 info: HTTP Access Log
2024-08-02 09:30:03 info: HTTP Access Log
2024-08-02 09:31:20 info: HTTP Access Log
2024-08-02 09:35:22 info: HTTP Access Log
2024-08-02 09:38:26 info: HTTP Access Log
2024-08-03 00:57:32 info: HTTP Access Log
2024-08-03 01:03:39 info: HTTP Access Log
2024-08-03 01:04:36 info: HTTP Access Log
2024-08-03 01:07:02 info: HTTP Access Log
2024-08-03 01:08:03 info: HTTP Access Log
2024-08-03 01:12:41 info: HTTP Access Log
2024-08-03 01:12:55 info: HTTP Access Log
2024-08-03 01:16:48 info: HTTP Access Log
2024-08-03 01:17:54 info: Users found
2024-08-03 01:17:54 info: HTTP Access Log
2024-08-03 01:18:52 info: HTTP Access Log
2024-08-03 01:19:12 info: HTTP Access Log
2024-08-03 01:20:01 info: HTTP Access Log
2024-08-03 01:20:13 info: HTTP Access Log
2024-08-03 01:20:22 info: HTTP Access Log
2024-08-03 01:20:31 info: HTTP Access Log
2024-08-03 01:20:43 info: HTTP Access Log
2024-08-03 01:21:55 info: HTTP Access Log
2024-08-03 01:23:13 info: HTTP Access Log
2024-08-03 01:23:22 info: HTTP Access Log
2024-08-03 01:23:23 info: HTTP Access Log
2024-08-03 01:23:24 info: HTTP Access Log
2024-08-03 01:23:25 info: HTTP Access Log
2024-08-03 01:24:35 info: HTTP Access Log
2024-08-03 01:24:48 info: HTTP Access Log
2024-08-03 01:27:01 info: HTTP Access Log
2024-08-03 01:28:28 info: User deleted successfully
2024-08-03 01:28:28 info: HTTP Access Log
2024-08-03 01:29:45 info: User deleted successfully
2024-08-03 01:29:45 info: HTTP Access Log
2024-08-03 01:30:50 info: HTTP Access Log
2024-08-03 01:30:52 info: HTTP Access Log
2024-08-03 01:31:13 info: HTTP Access Log
2024-08-03 01:31:15 info: HTTP Access Log
2024-08-03 01:31:30 info: HTTP Access Log
2024-08-03 01:31:35 info: HTTP Access Log
2024-08-03 01:31:54 info: User deleted successfully
2024-08-03 01:31:54 info: HTTP Access Log
2024-08-03 01:32:31 info: Users found
2024-08-03 01:32:31 info: HTTP Access Log
2024-08-03 01:32:44 info: Users found
2024-08-03 01:32:44 info: HTTP Access Log
2024-08-03 01:33:11 info: HTTP Access Log
2024-08-03 01:33:26 info: User deleted successfully
2024-08-03 01:33:26 info: HTTP Access Log
2024-08-03 01:35:54 info: HTTP Access Log
2024-08-03 01:36:28 info: User updated successfully
2024-08-03 01:36:28 info: HTTP Access Log
2024-08-03 01:37:50 info: User updated successfully
2024-08-03 01:37:50 info: HTTP Access Log
2024-08-03 01:38:02 info: User updated successfully
2024-08-03 01:38:02 info: HTTP Access Log
2024-08-03 01:38:34 info: User updated successfully
2024-08-03 01:38:34 info: HTTP Access Log
2024-08-03 01:38:46 info: User updated successfully
2024-08-03 01:38:46 info: HTTP Access Log
2024-08-03 01:40:19 info: HTTP Access Log
2024-08-03 01:41:02 info: User updated successfully
2024-08-03 01:41:02 info: HTTP Access Log
2024-08-03 01:41:05 info: User updated successfully
2024-08-03 01:41:05 info: HTTP Access Log
2024-08-03 01:48:10 info: User updated successfully
2024-08-03 01:48:10 info: HTTP Access Log
2024-08-03 01:48:52 info: Users found
2024-08-03 01:48:52 info: HTTP Access Log
2024-08-03 01:55:34 info: User updated successfully
2024-08-03 01:55:34 info: HTTP Access Log
2024-08-03 01:57:29 info: User updated successfully
2024-08-03 01:57:29 info: HTTP Access Log
2024-08-03 01:57:34 info: User updated successfully
2024-08-03 01:57:34 info: HTTP Access Log
2024-08-03 01:57:39 info: HTTP Access Log
2024-08-03 01:57:46 info: HTTP Access Log
2024-08-03 01:59:05 info: HTTP Access Log
2024-08-03 01:59:11 info: User updated successfully
2024-08-03 01:59:11 info: HTTP Access Log
2024-08-03 02:02:08 info: HTTP Access Log
2024-08-03 02:02:16 info: User updated successfully
2024-08-03 02:02:16 info: HTTP Access Log
2024-08-03 02:02:23 info: HTTP Access Log
2024-08-03 02:02:31 info: HTTP Access Log
2024-08-03 02:02:43 info: HTTP Access Log
2024-08-03 02:02:56 info: User updated successfully
2024-08-03 02:02:56 info: HTTP Access Log
2024-08-03 02:03:22 info: HTTP Access Log
2024-08-03 02:04:23 info: User updated successfully
2024-08-03 02:04:23 info: HTTP Access Log
2024-08-03 02:04:46 info: User updated successfully
2024-08-03 02:04:46 info: HTTP Access Log
2024-08-03 02:05:32 info: User updated successfully
2024-08-03 02:05:32 info: HTTP Access Log
2024-08-03 02:06:44 info: HTTP Access Log
2024-08-03 02:09:49 info: HTTP Access Log
2024-08-03 02:09:58 info: HTTP Access Log
2024-08-03 02:10:52 info: User deleted successfully
2024-08-03 02:10:52 info: HTTP Access Log
2024-08-03 02:11:06 info: User deleted successfully
2024-08-03 02:11:06 info: HTTP Access Log
2024-08-03 17:26:16 info: HTTP Access Log
2024-08-03 17:27:08 info: HTTP Access Log
2024-08-03 17:30:05 info: User deleted successfully
2024-08-03 17:30:05 info: HTTP Access Log
2024-08-03 17:31:04 info: User deleted successfully
2024-08-03 17:31:04 info: HTTP Access Log
2024-08-03 17:32:40 info: Users found
2024-08-03 17:32:40 info: HTTP Access Log
2024-08-03 17:32:59 info: HTTP Access Log
2024-08-03 17:37:11 info: HTTP Access Log
2024-08-03 17:37:43 info: HTTP Access Log
2024-08-03 17:37:55 info: HTTP Access Log
2024-08-03 17:48:29 info: HTTP Access Log
2024-08-03 17:49:20 info: HTTP Access Log
2024-08-03 17:50:02 info: HTTP Access Log
2024-08-03 17:50:38 info: HTTP Access Log
2024-08-03 17:51:02 info: HTTP Access Log
2024-08-03 17:51:29 info: HTTP Access Log
2024-08-03 17:52:04 info: HTTP Access Log
2024-08-03 17:58:50 info: User found
2024-08-03 17:58:50 info: HTTP Access Log
2024-08-03 18:02:48 info: HTTP Access Log
2024-08-03 18:03:11 info: User found
2024-08-03 18:03:11 info: HTTP Access Log
2024-08-03 18:04:54 info: User found
2024-08-03 18:04:54 info: HTTP Access Log
2024-08-03 18:16:55 info: User found
2024-08-03 18:16:55 info: HTTP Access Log
2024-08-03 18:18:06 info: User found
2024-08-03 18:18:06 info: HTTP Access Log
2024-08-03 18:19:24 info: User found
2024-08-03 18:19:24 info: HTTP Access Log
2024-08-03 18:23:28 info: User updated successfully
2024-08-03 18:23:28 info: HTTP Access Log
2024-08-03 18:24:09 info: User updated successfully
2024-08-03 18:24:09 info: HTTP Access Log
2024-08-03 18:24:47 info: User updated successfully
2024-08-03 18:24:47 info: HTTP Access Log
2024-08-03 18:27:15 info: User deleted successfully
2024-08-03 18:27:15 info: HTTP Access Log
2024-08-03 18:27:21 info: User found
2024-08-03 18:27:21 info: HTTP Access Log
2024-08-03 18:30:01 info: HTTP Access Log
2024-08-03 18:30:22 info: Password reset successfully
2024-08-03 18:30:22 info: HTTP Access Log
2024-08-03 18:31:51 info: Password reset successfully
2024-08-03 18:31:51 info: HTTP Access Log
2024-08-03 18:32:26 info: HTTP Access Log
2024-08-03 18:32:37 info: HTTP Access Log
2024-08-03 18:33:07 info: Password reset successfully
2024-08-03 18:33:07 info: HTTP Access Log
2024-08-03 18:34:09 info: HTTP Access Log
2024-08-03 18:34:17 info: HTTP Access Log
2024-08-03 18:37:12 info: HTTP Access Log
2024-08-03 18:37:51 info: HTTP Access Log
2024-08-03 18:44:31 info: HTTP Access Log
2024-08-03 18:46:54 info: HTTP Access Log
2024-08-03 18:47:05 info: HTTP Access Log
2024-08-03 18:47:52 info: HTTP Access Log
2024-08-03 18:48:03 info: Password updated successfully
2024-08-03 18:48:03 info: HTTP Access Log
2024-08-03 18:48:15 info: HTTP Access Log
2024-08-03 18:48:21 info: HTTP Access Log
2024-08-03 18:48:53 info: HTTP Access Log
2024-08-03 18:50:08 info: HTTP Access Log
2024-08-04 16:29:13 info: HTTP Access Log
2024-08-04 16:29:32 info: HTTP Access Log
2024-08-04 16:31:52 info: HTTP Access Log
2024-08-05 00:23:01 info: HTTP Access Log
2024-08-05 00:39:57 info: HTTP Access Log
2024-08-05 00:40:30 info: User found
2024-08-05 00:40:30 info: HTTP Access Log
2024-08-05 00:41:16 info: Users found
2024-08-05 00:41:16 info: HTTP Access Log
2024-08-05 00:43:21 info: HTTP Access Log
2024-08-05 00:43:32 info: HTTP Access Log
2024-08-05 00:43:50 info: HTTP Access Log
2024-08-05 00:44:03 info: User deleted successfully
2024-08-05 00:44:03 info: HTTP Access Log
2024-08-05 00:44:40 info: User deleted successfully
2024-08-05 00:44:40 info: HTTP Access Log
2024-08-05 00:53:02 info: HTTP Access Log
2024-08-05 00:53:34 info: organization created successfully
2024-08-05 00:53:34 info: HTTP Access Log
2024-08-05 00:57:25 info: All Organization feched successfully!
2024-08-05 00:57:25 info: HTTP Access Log
2024-08-05 00:59:48 info: Organization feched successfully!
2024-08-05 00:59:48 info: HTTP Access Log
2024-08-05 01:02:04 info: organization created successfully
2024-08-05 01:02:04 info: HTTP Access Log
2024-08-05 01:02:15 info: organization created successfully
2024-08-05 01:02:15 info: HTTP Access Log
2024-08-05 01:02:25 info: organization created successfully
2024-08-05 01:02:25 info: HTTP Access Log
2024-08-05 01:02:29 info: HTTP Access Log
2024-08-05 01:02:51 info: HTTP Access Log
2024-08-05 01:03:06 info: organization created successfully
2024-08-05 01:03:06 info: HTTP Access Log
2024-08-05 01:03:53 info: Organization deleted successfully!
2024-08-05 01:03:53 info: HTTP Access Log
2024-08-05 01:07:26 info: Board created successfully
2024-08-05 01:07:26 info: HTTP Access Log
2024-08-05 01:08:15 info: Board created successfully
2024-08-05 01:08:15 info: HTTP Access Log
2024-08-05 01:08:33 info: Board created successfully
2024-08-05 01:08:33 info: HTTP Access Log
2024-08-05 01:08:41 info: Board created successfully
2024-08-05 01:08:41 info: HTTP Access Log
2024-08-05 01:10:05 info: All Boards fetched successfully
2024-08-05 01:10:05 info: HTTP Access Log
2024-08-05 01:15:35 info: Board created successfully
2024-08-05 01:15:35 info: HTTP Access Log
2024-08-05 01:20:25 info: Board updated successfully
2024-08-05 01:20:25 info: HTTP Access Log
2024-08-05 01:23:47 info: Board deleted successfully
2024-08-05 01:23:47 info: HTTP Access Log
2024-08-05 01:27:16 info: Task created successfully
2024-08-05 01:27:16 info: HTTP Access Log
2024-08-05 01:27:57 info: Task created successfully
2024-08-05 01:27:57 info: HTTP Access Log
2024-08-05 01:29:35 info: All Tasks fetched successfully
2024-08-05 01:29:35 info: HTTP Access Log
2024-08-05 01:31:24 error: Task not found
2024-08-05 01:31:24 info: HTTP Access Log
2024-08-05 01:31:55 info: Task found
2024-08-05 01:31:55 info: HTTP Access Log
2024-08-05 01:33:36 error: Task not found
2024-08-05 01:33:37 info: HTTP Access Log
2024-08-05 01:34:10 info: Task updated successfully
2024-08-05 01:34:10 info: HTTP Access Log
2024-08-05 01:35:52 info: Task deleted successfully
2024-08-05 01:35:52 info: HTTP Access Log
2024-08-05 01:36:51 info: Task created successfully
2024-08-05 01:36:51 info: HTTP Access Log
2024-08-05 01:37:21 info: Task updated successfully
2024-08-05 01:37:21 info: HTTP Access Log
2024-08-05 01:40:22 info: HTTP Access Log
2024-08-05 01:41:02 info: Invitation created successfully
2024-08-05 01:41:02 info: HTTP Access Log
2024-08-05 01:46:37 info: HTTP Access Log
2024-08-05 01:46:46 info: Invitation created successfully
2024-08-05 01:46:46 info: HTTP Access Log
2024-08-05 01:51:22 info: Invitation fetched successfully
2024-08-05 01:51:22 info: HTTP Access Log
2024-08-05 01:57:21 info: Invitation status updated successfully
2024-08-05 01:57:21 info: HTTP Access Log
2024-08-05 01:58:03 info: Invitation status updated successfully
2024-08-05 01:58:03 info: HTTP Access Log
2024-08-05 02:06:01 info: HTTP Access Log
2024-08-05 02:12:04 info: HTTP Access Log
2024-08-05 02:12:13 info: HTTP Access Log
2024-08-05 02:12:24 info: HTTP Access Log
2024-08-05 02:13:33 info: HTTP Access Log
2024-08-05 02:22:36 info: HTTP Access Log
2024-08-05 02:24:29 info: HTTP Access Log
2024-08-05 02:25:14 info: HTTP Access Log
2024-08-05 02:25:29 info: HTTP Access Log
2024-08-05 02:25:36 info: HTTP Access Log
2024-08-05 02:25:55 info: HTTP Access Log
2024-08-05 02:26:03 info: HTTP Access Log
2024-08-05 02:27:08 info: HTTP Access Log
2024-08-05 02:28:03 info: HTTP Access Log
2024-08-05 02:28:09 info: HTTP Access Log
2024-08-05 02:29:28 info: Invitation status updated successfully
2024-08-05 02:29:28 info: HTTP Access Log
2024-08-05 02:39:50 info: HTTP Access Log
2024-08-05 02:46:49 error: uncaughtException: getaddrinfo ENOTFOUND redis-16273.c74.us-east-1-4.ec2.redns.redis-cloud.com
Error: getaddrinfo ENOTFOUND redis-16273.c74.us-east-1-4.ec2.redns.redis-cloud.com
    at GetAddrInfoReqWrap.onlookupall [as oncomplete] (node:dns:118:26)
2024-08-05 02:46:55 error: uncaughtException: getaddrinfo ENOTFOUND redis-16273.c74.us-east-1-4.ec2.redns.redis-cloud.com
Error: getaddrinfo ENOTFOUND redis-16273.c74.us-east-1-4.ec2.redns.redis-cloud.com
    at GetAddrInfoReqWrap.onlookupall [as oncomplete] (node:dns:118:26)
2024-08-05 02:49:17 error: uncaughtException: getaddrinfo ENOTFOUND redis-16273.c74.us-east-1-4.ec2.redns.redis-cloud.com
Error: getaddrinfo ENOTFOUND redis-16273.c74.us-east-1-4.ec2.redns.redis-cloud.com
    at GetAddrInfoReqWrap.onlookupall [as oncomplete] (node:dns:118:26)
2024-08-05 03:27:27 error: uncaughtException: getaddrinfo ENOTFOUND redis-16273.c74.us-east-1-4.ec2.redns.redis-cloud.com
Error: getaddrinfo ENOTFOUND redis-16273.c74.us-east-1-4.ec2.redns.redis-cloud.com
    at GetAddrInfoReqWrap.onlookupall [as oncomplete] (node:dns:118:26)
2024-08-05 03:29:53 error: uncaughtException: getaddrinfo ENOTFOUND redis-16273.c74.us-east-1-4.ec2.redns.redis-cloud.com
Error: getaddrinfo ENOTFOUND redis-16273.c74.us-east-1-4.ec2.redns.redis-cloud.com
    at GetAddrInfoReqWrap.onlookupall [as oncomplete] (node:dns:118:26)
2024-08-05 03:30:06 error: uncaughtException: getaddrinfo ENOTFOUND redis-16273.c74.us-east-1-4.ec2.redns.redis-cloud.com
Error: getaddrinfo ENOTFOUND redis-16273.c74.us-east-1-4.ec2.redns.redis-cloud.com
    at GetAddrInfoReqWrap.onlookupall [as oncomplete] (node:dns:118:26)
2024-08-05 03:30:21 error: uncaughtException: getaddrinfo ENOTFOUND redis-16273.c74.us-east-1-4.ec2.redns.redis-cloud.com
Error: getaddrinfo ENOTFOUND redis-16273.c74.us-east-1-4.ec2.redns.redis-cloud.com
    at GetAddrInfoReqWrap.onlookupall [as oncomplete] (node:dns:118:26)
2024-08-05 03:35:26 error: uncaughtException: getaddrinfo ENOTFOUND redis-16273.c74.us-east-1-4.ec2.redns.redis-cloud.com
Error: getaddrinfo ENOTFOUND redis-16273.c74.us-east-1-4.ec2.redns.redis-cloud.com
    at GetAddrInfoReqWrap.onlookupall [as oncomplete] (node:dns:118:26)
2024-08-05 03:38:37 error: uncaughtException: getaddrinfo ENOTFOUND redis-16273.c74.us-east-1-4.ec2.redns.redis-cloud.com
Error: getaddrinfo ENOTFOUND redis-16273.c74.us-east-1-4.ec2.redns.redis-cloud.com
    at GetAddrInfoReqWrap.onlookupall [as oncomplete] (node:dns:118:26)
2024-08-05 03:40:24 error: uncaughtException: getaddrinfo ENOTFOUND redis-16273.c74.us-east-1-4.ec2.redns.redis-cloud.com
Error: getaddrinfo ENOTFOUND redis-16273.c74.us-east-1-4.ec2.redns.redis-cloud.com
    at GetAddrInfoReqWrap.onlookupall [as oncomplete] (node:dns:118:26)
2024-08-05 03:40:58 error: uncaughtException: getaddrinfo ENOTFOUND redis-16273.c74.us-east-1-4.ec2.redns.redis-cloud.com
Error: getaddrinfo ENOTFOUND redis-16273.c74.us-east-1-4.ec2.redns.redis-cloud.com
    at GetAddrInfoReqWrap.onlookupall [as oncomplete] (node:dns:118:26)
2024-08-05 03:42:11 error: uncaughtException: getaddrinfo ENOTFOUND redis-16273.c74.us-east-1-4.ec2.redns.redis-cloud.com
Error: getaddrinfo ENOTFOUND redis-16273.c74.us-east-1-4.ec2.redns.redis-cloud.com
    at GetAddrInfoReqWrap.onlookupall [as oncomplete] (node:dns:118:26)
2024-08-05 03:49:41 error: uncaughtException: getaddrinfo ENOTFOUND redis-16273.c74.us-east-1-4.ec2.redns.redis-cloud.com
Error: getaddrinfo ENOTFOUND redis-16273.c74.us-east-1-4.ec2.redns.redis-cloud.com
    at GetAddrInfoReqWrap.onlookupall [as oncomplete] (node:dns:118:26)
2024-08-05 03:53:06 error: uncaughtException: getaddrinfo ENOTFOUND redis-16273.c74.us-east-1-4.ec2.redns.redis-cloud.com
Error: getaddrinfo ENOTFOUND redis-16273.c74.us-east-1-4.ec2.redns.redis-cloud.com
    at GetAddrInfoReqWrap.onlookupall [as oncomplete] (node:dns:118:26)
2024-08-05 04:41:24 error: uncaughtException: getaddrinfo ENOTFOUND redis-16273.c74.us-east-1-4.ec2.redns.redis-cloud.com
Error: getaddrinfo ENOTFOUND redis-16273.c74.us-east-1-4.ec2.redns.redis-cloud.com
    at GetAddrInfoReqWrap.onlookupall [as oncomplete] (node:dns:118:26)
2024-08-05 04:46:10 error: uncaughtException: getaddrinfo ENOTFOUND redis-16273.c74.us-east-1-4.ec2.redns.redis-cloud.com
Error: getaddrinfo ENOTFOUND redis-16273.c74.us-east-1-4.ec2.redns.redis-cloud.com
    at GetAddrInfoReqWrap.onlookupall [as oncomplete] (node:dns:118:26)
2024-08-05 04:50:58 error: uncaughtException: getaddrinfo ENOTFOUND redis-16273.c74.us-east-1-4.ec2.redns.redis-cloud.com
Error: getaddrinfo ENOTFOUND redis-16273.c74.us-east-1-4.ec2.redns.redis-cloud.com
    at GetAddrInfoReqWrap.onlookupall [as oncomplete] (node:dns:118:26)
2024-08-05 04:52:43 error: uncaughtException: getaddrinfo ENOTFOUND redis-16273.c74.us-east-1-4.ec2.redns.redis-cloud.com
Error: getaddrinfo ENOTFOUND redis-16273.c74.us-east-1-4.ec2.redns.redis-cloud.com
    at GetAddrInfoReqWrap.onlookupall [as oncomplete] (node:dns:118:26)
2024-08-05 04:54:36 error: uncaughtException: getaddrinfo ENOTFOUND redis-16273.c74.us-east-1-4.ec2.redns.redis-cloud.com
Error: getaddrinfo ENOTFOUND redis-16273.c74.us-east-1-4.ec2.redns.redis-cloud.com
    at GetAddrInfoReqWrap.onlookupall [as oncomplete] (node:dns:118:26)
2024-08-06 18:20:58 error: uncaughtException: getaddrinfo ENOTFOUND redis-16273.c74.us-east-1-4.ec2.redns.redis-cloud.com
Error: getaddrinfo ENOTFOUND redis-16273.c74.us-east-1-4.ec2.redns.redis-cloud.com
    at GetAddrInfoReqWrap.onlookupall [as oncomplete] (node:dns:118:26)
2024-08-06 19:27:44 error: uncaughtException: getaddrinfo ENOTFOUND redis-16273.c74.us-east-1-4.ec2.redns.redis-cloud.com
Error: getaddrinfo ENOTFOUND redis-16273.c74.us-east-1-4.ec2.redns.redis-cloud.com
    at GetAddrInfoReqWrap.onlookupall [as oncomplete] (node:dns:118:26)
